2021-03-22 23:25:  Strategy Dropdetect1_USDT  ( DropsDetection )  edited.
   * DropsPriceDelta: 1.200 => 2  
2021-03-23 18:54:  Strategies edited: -1000  ( Manual ) , +1000  ( Manual ) 
   * UseStopLoss: NO => YES  
2021-03-23 21:48:  Strategy -1000  ( Manual )  edited.
   * BuyModifier: -1.00000000 => 0  
   * SellModifier: 0 => 1  
   * Add5minDelta: 0 => 1  
   * SellPrice: 2.000 => 0.1  
2021-03-23 21:48:  Strategy +1000  ( Manual )  edited.
   * BuyModifier: -1.00000000 => 0  
   * SellModifier: 0 => 1  
   * Add5minDelta: 0 => 1  
2021-03-24 16:51:  Strategies edited: -1000  ( Manual ) , +1000  ( Manual ) 
   * UseStopLoss: YES => NO  
2021-03-28 01:04:  Strategy   ( UDP )  edited.
   * StrategyName:  => udp  
   * SignalType: UDP => UDP  
2021-03-28 17:55:  Strategies edited: -1000  ( Manual ) , +1000  ( Manual ) 
   * EmulatorMode: NO => YES  
2021-03-28 17:55:  Strategies edited: -1000  ( Manual ) , +1000  ( Manual ) 
   * DebugLog: NO => YES  
2021-03-30 13:28:  Strategy liq 1  ( Liquidations )  edited.
   * CustomEMA: EMA(2,1)>0,02 =>   
2021-04-02 14:54:  Strategy liq 1  ( Liquidations )  edited.
   * buyPrice: -0.05000000 => -3.05000000  
2021-04-02 14:54:  Strategy Dr_d_M_106_D_1.1m  ( DropsDetection )  edited.
   * buyPrice: -2.00000000 => -3.00000000  
2021-04-19 00:15:  Strategies edited: +1000  ( Manual ) , -1000  ( Manual ) 
   * SellModifier: 1.0000 => 0  
   * Add5minDelta: 1.0000 => 0  
   * SellPrice: 2.000 => 1  
   * UseTrailing: YES => NO  
   * UseTakeProfit: YES => NO  
2021-05-27 19:05:  Strategy drops_15_-4_test  ( DropsDetection )  edited.
   * AutoBuy: YES => NO  
2021-05-27 19:05:  Strategy liq 1  ( Liquidations )  edited.
   * AutoBuy: YES => NO  
2021-05-27 19:05:  Strategy Dropdetect1_USDT  ( DropsDetection )  edited.
   * AutoBuy: YES => NO  
2021-07-28 23:15:  Strategy +1000  ( Manual )  edited.
   * UseStopLoss: NO => YES  
   * StopLoss: -0.50000000 => -1  
2021-07-28 23:15:  Strategy -1000  ( Manual )  edited.
   * StopLoss: -0.50000000 => -1  
