27.05.2021 19:00:46.963     --->  === Stopped ===
27.05.2021 19:03:39.620     ---> Too long message: size=297994 bytes
27.05.2021 19:03:40.027     ---> Too long message: size=1285136 bytes
27.05.2021 19:03:40.471     ---> Too long message: size=917860 bytes
27.05.2021 19:03:40.842     ---> Too long message: size=983196 bytes


27.05.2021 19:03:53.157     ---> New Chat Message  (v3) 
Chat: zalupaplus  id:1313262774
body = [GZIPPED] { updates
Date:27.05.2021 19:03:53.000
Message: 
 Automated activation is expired! Please Visit https://tradingview.to/user?utm_source=execution_expiry_notice to update it! 
 AdvFilter  use tags: $,#,❗,📍,▪️,/,\,-,BTC/,BTC\,BTC-,/BTC,\BTC,-BTC,/Binance,\Binance,/Binance!,/Bittrex,\Bittrex,/Bittrex!
 !!! DELTA = 0 ms.  !!! 
=======================



27.05.2021 19:04:01.841     ---> New Chat Message  (v3) 
Chat: Отчёты @serhio_ramoss  id:1219752272
body = { rpc_result
Date:27.05.2021 19:04:01.000
Message: 
 6D11B4CB35E6E3325902C004 
 AdvFilter  use tags: $,#,❗,📍,▪️,/,\,-,BTC/,BTC\,BTC-,/BTC,\BTC,-BTC,/Binance,\Binance,/Binance!,/Bittrex,\Bittrex,/Bittrex!
 !!! DELTA = 404 ms.  !!! 
=======================



27.05.2021 19:04:02.040     ---> New Chat Message  (v3) 
Chat: Отчёты @dimach1387  id:1155783556
body = [GZIPPED] { updates
Date:27.05.2021 19:04:02.000
Message: 
 @dimach1387: Bought 24.00 #MATIC  (100%) for 2.0648 
 AdvFilter  use tags: $,#,❗,📍,▪️,/,\,-,BTC/,BTC\,BTC-,/BTC,\BTC,-BTC,/Binance,\Binance,/Binance!,/Bittrex,\Bittrex,/Bittrex!
 !!! DELTA = 0 ms.  !!! 
=======================

=== formatted text: 
  @dimach1387 Bought 24.00 #MATIC 100% for 2.0648 
27.05.2021 19:04:02.043     --->    Market found: USDT-MATIC
   Tokens in the message: 1 MATIC 
   Words count: 5
   Keywords not found !!
   Blackwords found:  Bought !!
   <== SIGNAL NOT FOUND !!


27.05.2021 19:04:04.707     ---> New Chat Message  (v3) 
Chat: Отчёты @egor_ptpch  id:1188086498
body = [GZIPPED] { updates
Date:27.05.2021 19:04:04.000
Message: 
 (r) TEST@egor-ptpch-TEST: Sell #BEL done, total:  - 0.08 $ (-8.0%)   sell price: 2.3092 
 AdvFilter  use tags: $,#,❗,📍,▪️,/,\,-,BTC/,BTC\,BTC-,/BTC,\BTC,-BTC,/Binance,\Binance,/Binance!,/Bittrex,\Bittrex,/Bittrex!
 !!! DELTA = 270 ms.  !!! 
=======================

=== formatted text: 
  r TEST@egor ptpch TEST Sell #BEL done total 0.08 $8.0% sell price 2.3092 
27.05.2021 19:04:04.730     --->    Market found: USDT-BEL
   Tokens in the message: 1 BEL 
   Words count: 10
   Keywords not found !!
   Blackwords found:  done !!
   <== SIGNAL NOT FOUND !!


27.05.2021 19:04:05.051     ---> New Chat Message  (v3) 
Chat: Отчёты @egor_ptpch  id:1188086498
body = [GZIPPED] { updates
Date:27.05.2021 19:04:05.000
Message: 
 TEST@egor-ptpch-TEST: Sell #BEL done, total:  - 0.09 $ (-8.2%)   sell price: 2.3091 
 AdvFilter  use tags: $,#,❗,📍,▪️,/,\,-,BTC/,BTC\,BTC-,/BTC,\BTC,-BTC,/Binance,\Binance,/Binance!,/Bittrex,\Bittrex,/Bittrex!
 !!! DELTA = 0 ms.  !!! 
=======================

=== formatted text: 
  TEST@egor ptpch TEST Sell #BEL done total 0.09 $8.2% sell price 2.3091 
27.05.2021 19:04:05.070     --->    Market found: USDT-BEL
   Tokens in the message: 1 BEL 
   Words count: 10
   Keywords not found !!
   Blackwords found:  done !!
   <== SIGNAL NOT FOUND !!


27.05.2021 19:04:05.439     ---> New Chat Message  (v3) 
Chat: Отчёты @egor_ptpch  id:1188086498
body = [GZIPPED] { updates
Date:27.05.2021 19:04:05.000
Message: 
 TEST@egor-ptpch-TEST: Bought 2.50 #THETA  (100%) for 7.9690 
 AdvFilter  use tags: $,#,❗,📍,▪️,/,\,-,BTC/,BTC\,BTC-,/BTC,\BTC,-BTC,/Binance,\Binance,/Binance!,/Bittrex,\Bittrex,/Bittrex!
 !!! DELTA = 2 ms.  !!! 
=======================

=== formatted text: 
  TEST@egor ptpch TEST Bought 2.50 #THETA 100% for 7.9690 
27.05.2021 19:04:05.458     --->    Market found: USDT-THETA
   Tokens in the message: 1 THETA 
   Words count: 7
   Keywords not found !!
   Blackwords found:  Bought !!
   <== SIGNAL NOT FOUND !!


27.05.2021 19:04:05.796     ---> New Chat Message  (v3) 
Chat: Отчёты @egor_ptpch  id:1188086498
body = [GZIPPED] { updates
Date:27.05.2021 19:04:05.000
Message: 
 TEST@egor-ptpch-TEST: Sell #BEL done, total:  - 0.09 $ (-8.2%)   sell price: 2.3091 
 AdvFilter  use tags: $,#,❗,📍,▪️,/,\,-,BTC/,BTC\,BTC-,/BTC,\BTC,-BTC,/Binance,\Binance,/Binance!,/Bittrex,\Bittrex,/Bittrex!
 !!! DELTA = 360 ms.  !!! 
=======================

=== formatted text: 
  TEST@egor ptpch TEST Sell #BEL done total 0.09 $8.2% sell price 2.3091 
27.05.2021 19:04:05.803     --->    Market found: USDT-BEL
   Tokens in the message: 1 BEL 
   Words count: 10
   Keywords not found !!
   Blackwords found:  done !!
   <== SIGNAL NOT FOUND !!


27.05.2021 19:04:09.701     ---> New Chat Message  (v3) 
Chat: Отчёты @dimach1387  id:1155783556
body = [GZIPPED] { updates
Date:27.05.2021 19:04:09.000
Message: 
 @dimach1387: Sell #MATIC done, total:  - 0.14 $ (-5.6%)   sell price: 2.0598 
 AdvFilter  use tags: $,#,❗,📍,▪️,/,\,-,BTC/,BTC\,BTC-,/BTC,\BTC,-BTC,/Binance,\Binance,/Binance!,/Bittrex,\Bittrex,/Bittrex!
 !!! DELTA = 265 ms.  !!! 
=======================

=== formatted text: 
  @dimach1387 Sell #MATIC done total 0.14 $5.6% sell price 2.0598 
27.05.2021 19:04:09.703     --->    Market found: USDT-MATIC
   Tokens in the message: 1 MATIC 
   Words count: 8
   Keywords not found !!
   Blackwords found:  done !!
   <== SIGNAL NOT FOUND !!


27.05.2021 19:04:09.840     ---> New Chat Message  (v3) 
Chat: zalupaplus  id:1313262774
body = [GZIPPED] { updates
Date:27.05.2021 19:04:09.000
Message: 
 Automated activation is expired! Please Visit https://tradingview.to/user?utm_source=execution_expiry_notice to update it! 
 AdvFilter  use tags: $,#,❗,📍,▪️,/,\,-,BTC/,BTC\,BTC-,/BTC,\BTC,-BTC,/Binance,\Binance,/Binance!,/Bittrex,\Bittrex,/Bittrex!
 !!! DELTA = 404 ms.  !!! 
=======================



27.05.2021 19:04:12.286     ---> New Chat Message  (v3) 
Chat: Отчёты @egor_ptpch  id:1188086498
body = [GZIPPED] { updates
Date:27.05.2021 19:04:12.000
Message: 
 TEST@egor-ptpch-TEST: Sell #BEL done, total:  - 0.08 $ (-8.1%)   sell price: 2.3092 
 AdvFilter  use tags: $,#,❗,📍,▪️,/,\,-,BTC/,BTC\,BTC-,/BTC,\BTC,-BTC,/Binance,\Binance,/Binance!,/Bittrex,\Bittrex,/Bittrex!
 !!! DELTA = 0 ms.  !!! 
=======================

=== formatted text: 
  TEST@egor ptpch TEST Sell #BEL done total 0.08 $8.1% sell price 2.3092 
27.05.2021 19:04:12.289     --->    Market found: USDT-BEL
   Tokens in the message: 1 BEL 
   Words count: 10
   Keywords not found !!
   Blackwords found:  done !!
   <== SIGNAL NOT FOUND !!


27.05.2021 19:04:12.631     ---> New Chat Message  (v3) 
Chat: Отчёты @egor_ptpch  id:1188086498
body = [GZIPPED] { updates
Date:27.05.2021 19:04:12.000
Message: 
 TEST@egor-ptpch-TEST: Bought 2.50 #THETA  (100%) for 7.9580 
 AdvFilter  use tags: $,#,❗,📍,▪️,/,\,-,BTC/,BTC\,BTC-,/BTC,\BTC,-BTC,/Binance,\Binance,/Binance!,/Bittrex,\Bittrex,/Bittrex!
 !!! DELTA = 194 ms.  !!! 
=======================

=== formatted text: 
  TEST@egor ptpch TEST Bought 2.50 #THETA 100% for 7.9580 
27.05.2021 19:04:12.633     --->    Market found: USDT-THETA
   Tokens in the message: 1 THETA 
   Words count: 7
   Keywords not found !!
   Blackwords found:  Bought !!
   <== SIGNAL NOT FOUND !!


27.05.2021 19:04:12.902     ---> New Chat Message  (v3) 
Chat: Отчёты @egor_ptpch  id:1188086498
body = [GZIPPED] { updates
Date:27.05.2021 19:04:12.000
Message: 
 TEST@egor-ptpch-TEST: Sell #BEL done, total:  - 0.09 $ (-8.2%)   sell price: 2.3092 
 AdvFilter  use tags: $,#,❗,📍,▪️,/,\,-,BTC/,BTC\,BTC-,/BTC,\BTC,-BTC,/Binance,\Binance,/Binance!,/Bittrex,\Bittrex,/Bittrex!
 !!! DELTA = 466 ms.  !!! 
=======================

=== formatted text: 
  TEST@egor ptpch TEST Sell #BEL done total 0.09 $8.2% sell price 2.3092 
27.05.2021 19:04:12.905     --->    Market found: USDT-BEL
   Tokens in the message: 1 BEL 
   Words count: 10
   Keywords not found !!
   Blackwords found:  done !!
   <== SIGNAL NOT FOUND !!


27.05.2021 19:04:13.242     ---> New Chat Message  (v3) 
Chat: Отчёты @egor_ptpch  id:1188086498
body = [GZIPPED] { updates
Date:27.05.2021 19:04:13.000
Message: 
 TEST@egor-ptpch-TEST: Sell #BEL done, total:  - 0.09 $ (-8.2%)   sell price: 2.3091 
 AdvFilter  use tags: $,#,❗,📍,▪️,/,\,-,BTC/,BTC\,BTC-,/BTC,\BTC,-BTC,/Binance,\Binance,/Binance!,/Bittrex,\Bittrex,/Bittrex!
 !!! DELTA = 0 ms.  !!! 
=======================

=== formatted text: 
  TEST@egor ptpch TEST Sell #BEL done total 0.09 $8.2% sell price 2.3091 
27.05.2021 19:04:13.246     --->    Market found: USDT-BEL
   Tokens in the message: 1 BEL 
   Words count: 10
   Keywords not found !!
   Blackwords found:  done !!
   <== SIGNAL NOT FOUND !!


27.05.2021 19:04:13.608     ---> New Chat Message  (v3) 
Chat: Отчёты @egor_ptpch  id:1188086498
body = [GZIPPED] { updates
Date:27.05.2021 19:04:13.000
Message: 
 TEST@egor-ptpch-TEST: Bought 9.00 #BEL  (100%) for 2.3154 
 AdvFilter  use tags: $,#,❗,📍,▪️,/,\,-,BTC/,BTC\,BTC-,/BTC,\BTC,-BTC,/Binance,\Binance,/Binance!,/Bittrex,\Bittrex,/Bittrex!
 !!! DELTA = 171 ms.  !!! 
=======================

=== formatted text: 
  TEST@egor ptpch TEST Bought 9.00 #BEL 100% for 2.3154 
27.05.2021 19:04:13.611     --->    Market found: USDT-BEL
   Tokens in the message: 1 BEL 
   Words count: 7
   Keywords not found !!
   Blackwords found:  Bought !!
   <== SIGNAL NOT FOUND !!


27.05.2021 19:04:18.038     ---> New Chat Message  (v3) 
Chat: Отчёты @egor_ptpch  id:1188086498
body = [GZIPPED] { updates
Date:27.05.2021 19:04:18.000
Message: 
 TEST@egor-ptpch-TEST: Bought 9.00 #BEL  (100%) for 2.3210 
 AdvFilter  use tags: $,#,❗,📍,▪️,/,\,-,BTC/,BTC\,BTC-,/BTC,\BTC,-BTC,/Binance,\Binance,/Binance!,/Bittrex,\Bittrex,/Bittrex!
 !!! DELTA = 0 ms.  !!! 
=======================

=== formatted text: 
  TEST@egor ptpch TEST Bought 9.00 #BEL 100% for 2.3210 
27.05.2021 19:04:18.042     --->    Market found: USDT-BEL
   Tokens in the message: 1 BEL 
   Words count: 7
   Keywords not found !!
   Blackwords found:  Bought !!
   <== SIGNAL NOT FOUND !!


27.05.2021 19:04:18.426     ---> New Chat Message  (v3) 
Chat: Отчёты @egor_ptpch  id:1188086498
body = [GZIPPED] { updates
Date:27.05.2021 19:04:18.000
Message: 
 TEST@egor-ptpch-TEST: Bought 9.00 #BEL  (100%) for 2.3232 
 AdvFilter  use tags: $,#,❗,📍,▪️,/,\,-,BTC/,BTC\,BTC-,/BTC,\BTC,-BTC,/Binance,\Binance,/Binance!,/Bittrex,\Bittrex,/Bittrex!
 !!! DELTA = 0 ms.  !!! 
=======================

=== formatted text: 
  TEST@egor ptpch TEST Bought 9.00 #BEL 100% for 2.3232 
27.05.2021 19:04:18.429     --->    Market found: USDT-BEL
   Tokens in the message: 1 BEL 
   Words count: 7
   Keywords not found !!
   Blackwords found:  Bought !!
   <== SIGNAL NOT FOUND !!


27.05.2021 19:04:18.988     ---> New Chat Message  (v3) 
Chat: Отчёты @egor_ptpch  id:1188086498
body = [GZIPPED] { updates
Date:27.05.2021 19:04:18.000
Message: 
 TEST@egor-ptpch-TEST: Bought 9.00 #BEL  (100%) for 2.3234 
 AdvFilter  use tags: $,#,❗,📍,▪️,/,\,-,BTC/,BTC\,BTC-,/BTC,\BTC,-BTC,/Binance,\Binance,/Binance!,/Bittrex,\Bittrex,/Bittrex!
 !!! DELTA = 552 ms.  !!! 
=======================

=== formatted text: 
  TEST@egor ptpch TEST Bought 9.00 #BEL 100% for 2.3234 
27.05.2021 19:04:18.990     --->    Market found: USDT-BEL
   Tokens in the message: 1 BEL 
   Words count: 7
   Keywords not found !!
   Blackwords found:  Bought !!
   <== SIGNAL NOT FOUND !!


27.05.2021 19:04:19.474     ---> New Chat Message  (v3) 
Chat: Отчёты @egor_ptpch  id:1188086498
body = [GZIPPED] { updates
Date:27.05.2021 19:04:19.000
Message: 
 TEST@egor-ptpch-TEST: Bought 9.00 #BEL  (100%) for 2.3237 
 AdvFilter  use tags: $,#,❗,📍,▪️,/,\,-,BTC/,BTC\,BTC-,/BTC,\BTC,-BTC,/Binance,\Binance,/Binance!,/Bittrex,\Bittrex,/Bittrex!
 !!! DELTA = 38 ms.  !!! 
=======================

=== formatted text: 
  TEST@egor ptpch TEST Bought 9.00 #BEL 100% for 2.3237 
27.05.2021 19:04:19.478     --->    Market found: USDT-BEL
   Tokens in the message: 1 BEL 
   Words count: 7
   Keywords not found !!
   Blackwords found:  Bought !!
   <== SIGNAL NOT FOUND !!


27.05.2021 19:04:19.838     ---> New Chat Message  (v3) 
Chat: moonbot_home  id:1418101988
body = { rpc_result
Date:27.05.2021 19:04:19.000
Message: 
 6D11B4CB35E6E3325902C004 
 AdvFilter  use tags: $,#,❗,📍,▪️,/,\,-,BTC/,BTC\,BTC-,/BTC,\BTC,-BTC,/Binance,\Binance,/Binance!,/Bittrex,\Bittrex,/Bittrex!
 !!! DELTA = 401 ms.  !!! 
=======================



27.05.2021 19:04:20.024     ---> New Chat Message  (v3) 
Chat: Отчёты @egor_ptpch  id:1188086498
body = [GZIPPED] { updates
Date:27.05.2021 19:04:20.000
Message: 
 TEST@egor-ptpch-TEST: Sell #THETA done, total:  + 0.05 $ (+5.2%)   sell price: 7.9492 
 AdvFilter  use tags: $,#,❗,📍,▪️,/,\,-,BTC/,BTC\,BTC-,/BTC,\BTC,-BTC,/Binance,\Binance,/Binance!,/Bittrex,\Bittrex,/Bittrex!
 !!! DELTA = 0 ms.  !!! 
=======================

=== formatted text: 
  TEST@egor ptpch TEST Sell #THETA done total + 0.05 $+5.2% sell price 7.9492 
27.05.2021 19:04:20.052     --->    Market found: USDT-THETA
   Tokens in the message: 1 THETA 
   Words count: 10
   Keywords not found !!
   Blackwords found:  done !!
   <== SIGNAL NOT FOUND !!


27.05.2021 19:04:20.165     ---> New Chat Message  (v3) 
Chat: moonbot_home  id:1418101988
body = [GZIPPED] { updates
Date:27.05.2021 19:04:20.000
Message: 
 Drops-100 -1: Привет друг! ❤ Команды:  buy ...  - применяются стандартные правила для сигналов на покупку   short ...  - применяются стандартные правила для сигналов на шорт (фьючерсы)   sell token - Включить Паник Селл на монете. Пример: sell NEO   SellALL - Включить Паник Селл НА ВСЕХ активных ордерах и остановить бота   list - Список активных ордеров на продажу  silent - Отключить уведомления бота в чат о закрытых сделках    talk  - Включить уведомления бота в чат о закрытых сделках    STOP - Нажать Стоп в боте (Не покупать новые сигналы)   CancelBuy - Отменить все неисполненные BUY ордера   START - Нажать Старт в боте, запустить стратегии   BL - Показать черный список монет  BL + coin - Добавить монету coin в ЧС  BL - coin - Убрать монету coin из ЧС  SetParam Strategy Param Value - Поменять параметр в стратегии ( empty  для пустой строки)  DoUpdate - обновить версию 
 RemoteControl channel 1418101988 AdvFilter  use tags: $,#,❗,📍,▪️,/,\,-,BTC/,BTC\,BTC-,/BTC,\BTC,-BTC,/Binance,\Binance,/Binance!,/Bittrex,\Bittrex,/Bittrex!
 !!! DELTA = 0 ms.  !!! 
=======================



27.05.2021 19:04:20.251     ---> New Chat Message  (v3) 
Chat: moonbot_home  id:1418101988
body = [GZIPPED] { updates
Date:27.05.2021 19:04:20.000
Message: 
 Drops-delta-300 BVSV: Привет друг! ❤ Команды:  buy ...  - применяются стандартные правила для сигналов на покупку   short ...  - применяются стандартные правила для сигналов на шорт (фьючерсы)   sell token - Включить Паник Селл на монете. Пример: sell NEO   SellALL - Включить Паник Селл НА ВСЕХ активных ордерах и остановить бота   list - Список активных ордеров на продажу  silent - Отключить уведомления бота в чат о закрытых сделках    talk  - Включить уведомления бота в чат о закрытых сделках    STOP - Нажать Стоп в боте (Не покупать новые сигналы)   CancelBuy - Отменить все неисполненные BUY ордера   START - Нажать Старт в боте, запустить стратегии   BL - Показать черный список монет  BL + coin - Добавить монету coin в ЧС  BL - coin - Убрать монету coin из ЧС  SetParam Strategy Param Value - Поменять параметр в стратегии ( empty  для пустой строки)  DoUpdate - обновить версию 
 RemoteControl channel 1418101988 AdvFilter  use tags: $,#,❗,📍,▪️,/,\,-,BTC/,BTC\,BTC-,/BTC,\BTC,-BTC,/Binance,\Binance,/Binance!,/Bittrex,\Bittrex,/Bittrex!
 !!! DELTA = 0 ms.  !!! 
=======================



27.05.2021 19:04:20.372     ---> New Chat Message  (v3) 
Chat: moonbot_home  id:1418101988
body = [GZIPPED] { updates
Date:27.05.2021 19:04:20.000
Message: 
 DropsTestByRoma: Привет друг! ❤ Команды:  buy ...  - применяются стандартные правила для сигналов на покупку   short ...  - применяются стандартные правила для сигналов на шорт (фьючерсы)   sell token - Включить Паник Селл на монете. Пример: sell NEO   SellALL - Включить Паник Селл НА ВСЕХ активных ордерах и остановить бота   list - Список активных ордеров на продажу  silent - Отключить уведомления бота в чат о закрытых сделках    talk  - Включить уведомления бота в чат о закрытых сделках    STOP - Нажать Стоп в боте (Не покупать новые сигналы)   CancelBuy - Отменить все неисполненные BUY ордера   START - Нажать Старт в боте, запустить стратегии   BL - Показать черный список монет  BL + coin - Добавить монету coin в ЧС  BL - coin - Убрать монету coin из ЧС  SetParam Strategy Param Value - Поменять параметр в стратегии ( empty  для пустой строки)  DoUpdate - обновить версию 
 RemoteControl channel 1418101988 AdvFilter  use tags: $,#,❗,📍,▪️,/,\,-,BTC/,BTC\,BTC-,/BTC,\BTC,-BTC,/Binance,\Binance,/Binance!,/Bittrex,\Bittrex,/Bittrex!
 !!! DELTA = 0 ms.  !!! 
=======================



27.05.2021 19:04:20.480     ---> New Chat Message  (v3) 
Chat: moonbot_home  id:1418101988
body = [GZIPPED] { updates
Date:27.05.2021 19:04:20.000
Message: 
 Drops-delta-300 -2: Привет друг! ❤ Команды:  buy ...  - применяются стандартные правила для сигналов на покупку   short ...  - применяются стандартные правила для сигналов на шорт (фьючерсы)   sell token - Включить Паник Селл на монете. Пример: sell NEO   SellALL - Включить Паник Селл НА ВСЕХ активных ордерах и остановить бота   list - Список активных ордеров на продажу  silent - Отключить уведомления бота в чат о закрытых сделках    talk  - Включить уведомления бота в чат о закрытых сделках    STOP - Нажать Стоп в боте (Не покупать новые сигналы)   CancelBuy - Отменить все неисполненные BUY ордера   START - Нажать Старт в боте, запустить стратегии   BL - Показать черный список монет  BL + coin - Добавить монету coin в ЧС  BL - coin - Убрать монету coin из ЧС  SetParam Strategy Param Value - Поменять параметр в стратегии ( empty  для пустой строки)  DoUpdate - обновить версию 
 RemoteControl channel 1418101988 AdvFilter  use tags: $,#,❗,📍,▪️,/,\,-,BTC/,BTC\,BTC-,/BTC,\BTC,-BTC,/Binance,\Binance,/Binance!,/Bittrex,\Bittrex,/Bittrex!
 !!! DELTA = 44 ms.  !!! 
=======================



27.05.2021 19:04:20.486     ---> New Chat Message  (v3) 
Chat: moonbot_home  id:1418101988
body = [GZIPPED] { updates
Date:27.05.2021 19:04:20.000
Message: 
 Drops-600 2: Привет друг! ❤ Команды:  buy ...  - применяются стандартные правила для сигналов на покупку   short ...  - применяются стандартные правила для сигналов на шорт (фьючерсы)   sell token - Включить Паник Селл на монете. Пример: sell NEO   SellALL - Включить Паник Селл НА ВСЕХ активных ордерах и остановить бота   list - Список активных ордеров на продажу  silent - Отключить уведомления бота в чат о закрытых сделках    talk  - Включить уведомления бота в чат о закрытых сделках    STOP - Нажать Стоп в боте (Не покупать новые сигналы)   CancelBuy - Отменить все неисполненные BUY ордера   START - Нажать Старт в боте, запустить стратегии   BL - Показать черный список монет  BL + coin - Добавить монету coin в ЧС  BL - coin - Убрать монету coin из ЧС  SetParam Strategy Param Value - Поменять параметр в стратегии ( empty  для пустой строки)  DoUpdate - обновить версию 
 RemoteControl channel 1418101988 AdvFilter  use tags: $,#,❗,📍,▪️,/,\,-,BTC/,BTC\,BTC-,/BTC,\BTC,-BTC,/Binance,\Binance,/Binance!,/Bittrex,\Bittrex,/Bittrex!
 !!! DELTA = 50 ms.  !!! 
=======================



27.05.2021 19:04:23.514     ---> New Chat Message  (v3) 
Chat: Отчёты @egor_ptpch  id:1188086498
body = [GZIPPED] { updates
Date:27.05.2021 19:04:23.000
Message: 
 TEST@egor-ptpch-TEST: Bought 9.00 #BEL  (100%) for 2.3239 
 AdvFilter  use tags: $,#,❗,📍,▪️,/,\,-,BTC/,BTC\,BTC-,/BTC,\BTC,-BTC,/Binance,\Binance,/Binance!,/Bittrex,\Bittrex,/Bittrex!
 !!! DELTA = 78 ms.  !!! 
=======================

=== formatted text: 
  TEST@egor ptpch TEST Bought 9.00 #BEL 100% for 2.3239 
27.05.2021 19:04:23.516     --->    Market found: USDT-BEL
   Tokens in the message: 1 BEL 
   Words count: 7
   Keywords not found !!
   Blackwords found:  Bought !!
   <== SIGNAL NOT FOUND !!


27.05.2021 19:04:23.869     ---> New Chat Message  (v3) 
Chat: Отчёты @egor_ptpch  id:1188086498
body = [GZIPPED] { updates
Date:27.05.2021 19:04:23.000
Message: 
 TEST@egor-ptpch-TEST: Bought 9.00 #BEL  (100%) for 2.3239 
 AdvFilter  use tags: $,#,❗,📍,▪️,/,\,-,BTC/,BTC\,BTC-,/BTC,\BTC,-BTC,/Binance,\Binance,/Binance!,/Bittrex,\Bittrex,/Bittrex!
 !!! DELTA = 432 ms.  !!! 
=======================

=== formatted text: 
  TEST@egor ptpch TEST Bought 9.00 #BEL 100% for 2.3239 
27.05.2021 19:04:23.872     --->    Market found: USDT-BEL
   Tokens in the message: 1 BEL 
   Words count: 7
   Keywords not found !!
   Blackwords found:  Bought !!
   <== SIGNAL NOT FOUND !!


27.05.2021 19:04:24.272     ---> New Chat Message  (v3) 
Chat: Отчёты @egor_ptpch  id:1188086498
body = [GZIPPED] { updates
Date:27.05.2021 19:04:24.000
Message: 
 TEST@egor-ptpch-TEST: Bought 9.00 #BEL  (100%) for 2.3238 
 AdvFilter  use tags: $,#,❗,📍,▪️,/,\,-,BTC/,BTC\,BTC-,/BTC,\BTC,-BTC,/Binance,\Binance,/Binance!,/Bittrex,\Bittrex,/Bittrex!
 !!! DELTA = 0 ms.  !!! 
=======================

=== formatted text: 
  TEST@egor ptpch TEST Bought 9.00 #BEL 100% for 2.3238 
27.05.2021 19:04:24.279     --->    Market found: USDT-BEL
   Tokens in the message: 1 BEL 
   Words count: 7
   Keywords not found !!
   Blackwords found:  Bought !!
   <== SIGNAL NOT FOUND !!


27.05.2021 19:04:24.749     ---> New Chat Message  (v3) 
Chat: Отчёты @egor_ptpch  id:1188086498
body = [GZIPPED] { updates
Date:27.05.2021 19:04:24.000
Message: 
 TEST@egor-ptpch-TEST: Bought 9.00 #BEL  (100%) for 2.3239 
 AdvFilter  use tags: $,#,❗,📍,▪️,/,\,-,BTC/,BTC\,BTC-,/BTC,\BTC,-BTC,/Binance,\Binance,/Binance!,/Bittrex,\Bittrex,/Bittrex!
 !!! DELTA = 312 ms.  !!! 
=======================

=== formatted text: 
  TEST@egor ptpch TEST Bought 9.00 #BEL 100% for 2.3239 
27.05.2021 19:04:24.753     --->    Market found: USDT-BEL
   Tokens in the message: 1 BEL 
   Words count: 7
   Keywords not found !!
   Blackwords found:  Bought !!
   <== SIGNAL NOT FOUND !!


27.05.2021 19:04:25.191     ---> New Chat Message  (v3) 
Chat: Отчёты @egor_ptpch  id:1188086498
body = [GZIPPED] { updates
Date:27.05.2021 19:04:25.000
Message: 
 TEST@egor-ptpch-TEST: Bought 9.00 #BEL  (100%) for 2.3240 
 AdvFilter  use tags: $,#,❗,📍,▪️,/,\,-,BTC/,BTC\,BTC-,/BTC,\BTC,-BTC,/Binance,\Binance,/Binance!,/Bittrex,\Bittrex,/Bittrex!
 !!! DELTA = 0 ms.  !!! 
=======================

=== formatted text: 
  TEST@egor ptpch TEST Bought 9.00 #BEL 100% for 2.3240 
27.05.2021 19:04:25.195     --->    Market found: USDT-BEL
   Tokens in the message: 1 BEL 
   Words count: 7
   Keywords not found !!
   Blackwords found:  Bought !!
   <== SIGNAL NOT FOUND !!


27.05.2021 19:04:25.610     ---> New Chat Message  (v3) 
Chat: moonbot_home  id:1418101988
body = [GZIPPED] { updates
Date:27.05.2021 19:04:25.000
Message: 
 @flophlopbot: Remote chat approved. ID=1418101988 name:moonbot-home Привет друг! ❤ 
 RemoteControl channel 1418101988 AdvFilter  use tags: $,#,❗,📍,▪️,/,\,-,BTC/,BTC\,BTC-,/BTC,\BTC,-BTC,/Binance,\Binance,/Binance!,/Bittrex,\Bittrex,/Bittrex!
 !!! DELTA = 173 ms.  !!! 
=======================



27.05.2021 19:04:25.677     ---> New Chat Message  (v3) 
Chat: moonbot_home  id:1418101988
body = [GZIPPED] { updates
Date:27.05.2021 19:04:25.000
Message: 
 Drops-home: Привет друг! ❤ Команды:  buy ...  - применяются стандартные правила для сигналов на покупку   short ...  - применяются стандартные правила для сигналов на шорт (фьючерсы)   sell token - Включить Паник Селл на монете. Пример: sell NEO   SellALL - Включить Паник Селл НА ВСЕХ активных ордерах и остановить бота   list - Список активных ордеров на продажу  silent - Отключить уведомления бота в чат о закрытых сделках    talk  - Включить уведомления бота в чат о закрытых сделках    STOP - Нажать Стоп в боте (Не покупать новые сигналы)   CancelBuy - Отменить все неисполненные BUY ордера   START - Нажать Старт в боте, запустить стратегии   BL - Показать черный список монет  BL + coin - Добавить монету coin в ЧС  BL - coin - Убрать монету coin из ЧС  SetParam Strategy Param Value - Поменять параметр в стратегии ( empty  для пустой строки)  DoUpdate - обновить версию 
 RemoteControl channel 1418101988 AdvFilter  use tags: $,#,❗,📍,▪️,/,\,-,BTC/,BTC\,BTC-,/BTC,\BTC,-BTC,/Binance,\Binance,/Binance!,/Bittrex,\Bittrex,/Bittrex!
 !!! DELTA = 241 ms.  !!! 
=======================



27.05.2021 19:04:25.682     ---> New Chat Message  (v3) 
Chat: moonbot_home  id:1418101988
body = [GZIPPED] { updates
Date:27.05.2021 19:04:25.000
Message: 
 SPOT-HANDS-USDT: Привет друг! ❤ Команды:  buy ...  - применяются стандартные правила для сигналов на покупку   short ...  - применяются стандартные правила для сигналов на шорт (фьючерсы)   sell token - Включить Паник Селл на монете. Пример: sell NEO   SellALL - Включить Паник Селл НА ВСЕХ активных ордерах и остановить бота   list - Список активных ордеров на продажу  silent - Отключить уведомления бота в чат о закрытых сделках    talk  - Включить уведомления бота в чат о закрытых сделках    STOP - Нажать Стоп в боте (Не покупать новые сигналы)   CancelBuy - Отменить все неисполненные BUY ордера   START - Нажать Старт в боте, запустить стратегии   BL - Показать черный список монет  BL + coin - Добавить монету coin в ЧС  BL - coin - Убрать монету coin из ЧС  SetParam Strategy Param Value - Поменять параметр в стратегии ( empty  для пустой строки)  DoUpdate - обновить версию 
 RemoteControl channel 1418101988 AdvFilter  use tags: $,#,❗,📍,▪️,/,\,-,BTC/,BTC\,BTC-,/BTC,\BTC,-BTC,/Binance,\Binance,/Binance!,/Bittrex,\Bittrex,/Bittrex!
 !!! DELTA = 246 ms.  !!! 
=======================



27.05.2021 19:04:25.842     ---> New Chat Message  (v3) 
Chat: moonbot_home  id:1418101988
body = [GZIPPED] { updates
Date:27.05.2021 19:04:25.000
Message: 
 Shots: Привет друг! ❤ Команды:  buy ...  - применяются стандартные правила для сигналов на покупку   short ...  - применяются стандартные правила для сигналов на шорт (фьючерсы)   sell token - Включить Паник Селл на монете. Пример: sell NEO   SellALL - Включить Паник Селл НА ВСЕХ активных ордерах и остановить бота   list - Список активных ордеров на продажу  silent - Отключить уведомления бота в чат о закрытых сделках    talk  - Включить уведомления бота в чат о закрытых сделках    STOP - Нажать Стоп в боте (Не покупать новые сигналы)   CancelBuy - Отменить все неисполненные BUY ордера   START - Нажать Старт в боте, запустить стратегии   BL - Показать черный список монет  BL + coin - Добавить монету coin в ЧС  BL - coin - Убрать монету coin из ЧС  SetParam Strategy Param Value - Поменять параметр в стратегии ( empty  для пустой строки)  DoUpdate - обновить версию 
 RemoteControl channel 1418101988 AdvFilter  use tags: $,#,❗,📍,▪️,/,\,-,BTC/,BTC\,BTC-,/BTC,\BTC,-BTC,/Binance,\Binance,/Binance!,/Bittrex,\Bittrex,/Bittrex!
 !!! DELTA = 406 ms.  !!! 
=======================



27.05.2021 19:04:25.846     ---> New Chat Message  (v3) 
Chat: moonbot_home  id:1418101988
body = [GZIPPED] { updates
Date:27.05.2021 19:04:25.000
Message: 
 SPOT-SHOTS: Привет друг! ❤ Команды:  buy ...  - применяются стандартные правила для сигналов на покупку   short ...  - применяются стандартные правила для сигналов на шорт (фьючерсы)   sell token - Включить Паник Селл на монете. Пример: sell NEO   SellALL - Включить Паник Селл НА ВСЕХ активных ордерах и остановить бота   list - Список активных ордеров на продажу  silent - Отключить уведомления бота в чат о закрытых сделках    talk  - Включить уведомления бота в чат о закрытых сделках    STOP - Нажать Стоп в боте (Не покупать новые сигналы)   CancelBuy - Отменить все неисполненные BUY ордера   START - Нажать Старт в боте, запустить стратегии   BL - Показать черный список монет  BL + coin - Добавить монету coin в ЧС  BL - coin - Убрать монету coin из ЧС  SetParam Strategy Param Value - Поменять параметр в стратегии ( empty  для пустой строки)  DoUpdate - обновить версию 
 RemoteControl channel 1418101988 AdvFilter  use tags: $,#,❗,📍,▪️,/,\,-,BTC/,BTC\,BTC-,/BTC,\BTC,-BTC,/Binance,\Binance,/Binance!,/Bittrex,\Bittrex,/Bittrex!
 !!! DELTA = 410 ms.  !!! 
=======================



27.05.2021 19:04:28.637     ---> New Chat Message  (v3) 
Chat: Отчёты @egor_ptpch  id:1188086498
body = [GZIPPED] { updates
Date:27.05.2021 19:04:28.000
Message: 
 TEST@egor-ptpch-TEST: Bought 9.00 #BEL  (100%) for 2.3239 
 AdvFilter  use tags: $,#,❗,📍,▪️,/,\,-,BTC/,BTC\,BTC-,/BTC,\BTC,-BTC,/Binance,\Binance,/Binance!,/Bittrex,\Bittrex,/Bittrex!
 !!! DELTA = 201 ms.  !!! 
=======================

=== formatted text: 
  TEST@egor ptpch TEST Bought 9.00 #BEL 100% for 2.3239 
27.05.2021 19:04:28.639     --->    Market found: USDT-BEL
   Tokens in the message: 1 BEL 
   Words count: 7
   Keywords not found !!
   Blackwords found:  Bought !!
   <== SIGNAL NOT FOUND !!


27.05.2021 19:04:33.236     ---> New Chat Message  (v3) 
Chat: moonbot_home  id:1418101988
body = [GZIPPED] { updates
Date:27.05.2021 19:04:33.000
Message: 
 (r) Руки-Фьючерсы: Привет друг! ❤ Команды:  buy ...  - применяются стандартные правила для сигналов на покупку   short ...  - применяются стандартные правила для сигналов на шорт (фьючерсы)   sell token - Включить Паник Селл на монете. Пример: sell NEO   SellALL - Включить Паник Селл НА ВСЕХ активных ордерах и остановить бота   list - Список активных ордеров на продажу  silent - Отключить уведомления бота в чат о закрытых сделках    talk  - Включить уведомления бота в чат о закрытых сделках    STOP - Нажать Стоп в боте (Не покупать новые сигналы)   CancelBuy - Отменить все неисполненные BUY ордера   START - Нажать Старт в боте, запустить стратегии   BL - Показать черный список монет  BL + coin - Добавить монету coin в ЧС  BL - coin - Убрать монету coin из ЧС  SetParam Strategy Param Value - Поменять параметр в стратегии ( empty  для пустой строки)  DoUpdate - обновить версию 
 RemoteControl channel 1418101988 AdvFilter  use tags: $,#,❗,📍,▪️,/,\,-,BTC/,BTC\,BTC-,/BTC,\BTC,-BTC,/Binance,\Binance,/Binance!,/Bittrex,\Bittrex,/Bittrex!
 !!! DELTA = 0 ms.  !!! 
=======================



27.05.2021 19:04:33.332     ---> New Chat Message  (v3) 
Chat: moonbot_home  id:1418101988
body = [GZIPPED] { updates
Date:27.05.2021 19:04:33.000
Message: 
 (r) Катюша Тест Разбивки: Привет друг! ❤ Команды:  buy ...  - применяются стандартные правила для сигналов на покупку   short ...  - применяются стандартные правила для сигналов на шорт (фьючерсы)   sell token - Включить Паник Селл на монете. Пример: sell NEO   SellALL - Включить Паник Селл НА ВСЕХ активных ордерах и остановить бота   list - Список активных ордеров на продажу  silent - Отключить уведомления бота в чат о закрытых сделках    talk  - Включить уведомления бота в чат о закрытых сделках    STOP - Нажать Стоп в боте (Не покупать новые сигналы)   CancelBuy - Отменить все неисполненные BUY ордера   START - Нажать Старт в боте, запустить стратегии   BL - Показать черный список монет  BL + coin - Добавить монету coin в ЧС  BL - coin - Убрать монету coin из ЧС  SetParam Strategy Param Value - Поменять параметр в стратегии ( empty  для пустой строки)  DoUpdate - обновить версию 
 RemoteControl channel 1418101988 AdvFilter  use tags: $,#,❗,📍,▪️,/,\,-,BTC/,BTC\,BTC-,/BTC,\BTC,-BTC,/Binance,\Binance,/Binance!,/Bittrex,\Bittrex,/Bittrex!
 !!! DELTA = 0 ms.  !!! 
=======================



27.05.2021 19:04:33.567     ---> New Chat Message  (v3) 
Chat: moonbot_home  id:1418101988
body = [GZIPPED] { updates
Date:27.05.2021 19:04:33.000
Message: 
 (r) @flophlopbot: Привет друг! ❤ Команды:  buy ...  - применяются стандартные правила для сигналов на покупку   short ...  - применяются стандартные правила для сигналов на шорт (фьючерсы)   sell token - Включить Паник Селл на монете. Пример: sell NEO   SellALL - Включить Паник Селл НА ВСЕХ активных ордерах и остановить бота   list - Список активных ордеров на продажу  silent - Отключить уведомления бота в чат о закрытых сделках    talk  - Включить уведомления бота в чат о закрытых сделках    STOP - Нажать Стоп в боте (Не покупать новые сигналы)   CancelBuy - Отменить все неисполненные BUY ордера   START - Нажать Старт в боте, запустить стратегии   BL - Показать черный список монет  BL + coin - Добавить монету coin в ЧС  BL - coin - Убрать монету coin из ЧС  DoUpdate - обновить версию 
 RemoteControl channel 1418101988 AdvFilter  use tags: $,#,❗,📍,▪️,/,\,-,BTC/,BTC\,BTC-,/BTC,\BTC,-BTC,/Binance,\Binance,/Binance!,/Bittrex,\Bittrex,/Bittrex!
 !!! DELTA = 131 ms.  !!! 
=======================



27.05.2021 19:04:33.586     ---> New Chat Message  (v3) 
Chat: moonbot_home  id:1418101988
body = [GZIPPED] { updates
Date:27.05.2021 19:04:33.000
Message: 
 (r) Waves-Test: Привет друг! ❤ Команды:  buy ...  - применяются стандартные правила для сигналов на покупку   short ...  - применяются стандартные правила для сигналов на шорт (фьючерсы)   sell token - Включить Паник Селл на монете. Пример: sell NEO   SellALL - Включить Паник Селл НА ВСЕХ активных ордерах и остановить бота   list - Список активных ордеров на продажу  silent - Отключить уведомления бота в чат о закрытых сделках    talk  - Включить уведомления бота в чат о закрытых сделках    STOP - Нажать Стоп в боте (Не покупать новые сигналы)   CancelBuy - Отменить все неисполненные BUY ордера   START - Нажать Старт в боте, запустить стратегии   BL - Показать черный список монет  BL + coin - Добавить монету coin в ЧС  BL - coin - Убрать монету coin из ЧС  SetParam Strategy Param Value - Поменять параметр в стратегии ( empty  для пустой строки)  DoUpdate - обновить версию 
 RemoteControl channel 1418101988 AdvFilter  use tags: $,#,❗,📍,▪️,/,\,-,BTC/,BTC\,BTC-,/BTC,\BTC,-BTC,/Binance,\Binance,/Binance!,/Bittrex,\Bittrex,/Bittrex!
 !!! DELTA = 150 ms.  !!! 
=======================



27.05.2021 19:04:44.777     ---> New Chat Message  (v3) 
Chat: Отчёты @serhio_ramoss  id:1219752272
body = { rpc_result
Date:27.05.2021 19:04:44.000
Message: 
 6D11B4CB35E6E3325902C004 
 AdvFilter  use tags: $,#,❗,📍,▪️,/,\,-,BTC/,BTC\,BTC-,/BTC,\BTC,-BTC,/Binance,\Binance,/Binance!,/Bittrex,\Bittrex,/Bittrex!
 !!! DELTA = 340 ms.  !!! 
=======================



27.05.2021 19:04:45.124     ---> New Chat Message  (v3) 
Chat: Отчёты @serhio_ramoss  id:1219752272
body = [GZIPPED] { updates
Date:27.05.2021 19:04:45.000
Message: 
 @serhio-ramoss: Remote chat approved. ID=1219752272 name:Отчёты @serhio-ramoss Привет друг! ❤ 
 RemoteControl channel 1219752272 AdvFilter  use tags: $,#,❗,📍,▪️,/,\,-,BTC/,BTC\,BTC-,/BTC,\BTC,-BTC,/Binance,\Binance,/Binance!,/Bittrex,\Bittrex,/Bittrex!
 !!! DELTA = 0 ms.  !!! 
=======================



27.05.2021 19:04:45.639     ---> New Chat Message  (v3) 
Chat: Отчёты @serhio_ramoss  id:1219752272
body = [GZIPPED] { updates
Date:27.05.2021 19:04:45.000
Message: 
 @serhio-ramoss: Привет друг! ❤ Команды:  buy ...  - применяются стандартные правила для сигналов на покупку   short ...  - применяются стандартные правила для сигналов на шорт (фьючерсы)   sell token - Включить Паник Селл на монете. Пример: sell NEO   SellALL - Включить Паник Селл НА ВСЕХ активных ордерах и остановить бота   list - Список активных ордеров на продажу  silent - Отключить уведомления бота в чат о закрытых сделках    talk  - Включить уведомления бота в чат о закрытых сделках    STOP - Нажать Стоп в боте (Не покупать новые сигналы)   CancelBuy - Отменить все неисполненные BUY ордера   START - Нажать Старт в боте, запустить стратегии   BL - Показать черный список монет  BL + coin - Добавить монету coin в ЧС  BL - coin - Убрать монету coin из ЧС  DoUpdate - обновить версию 
 RemoteControl channel 1219752272 AdvFilter  use tags: $,#,❗,📍,▪️,/,\,-,BTC/,BTC\,BTC-,/BTC,\BTC,-BTC,/Binance,\Binance,/Binance!,/Bittrex,\Bittrex,/Bittrex!
 !!! DELTA = 203 ms.  !!! 
=======================



27.05.2021 19:04:49.245     ---> New Chat Message  (v3) 
Chat: Отчёты @guinessbourg  id:1447885047
body = [GZIPPED] { updates
Date:27.05.2021 19:04:49.000
Message: 
 @guinessbourg: (Emulator) Bought 3.03 #LINK  (100%) for 32.660 
 AdvFilter  use tags: $,#,❗,📍,▪️,/,\,-,BTC/,BTC\,BTC-,/BTC,\BTC,-BTC,/Binance,\Binance,/Binance!,/Bittrex,\Bittrex,/Bittrex!
 !!! DELTA = 0 ms.  !!! 
=======================

=== formatted text: 
  @guinessbourg Emulator Bought 3.03 #LINK 100% for 32.660 
27.05.2021 19:04:49.261     --->    Market found: USDT-LINK
   Tokens in the message: 1 LINK 
   Words count: 6
   Keywords not found !!
   Blackwords found:  Bought !!
   <== SIGNAL NOT FOUND !!
27.05.2021 19:04:51.964     --->  === Stopped ===


27.05.2021 19:05:12.726     ---> New Chat Message  (v3) 
Chat: Отчёты @egor_ptpch  id:1188086498
body = [GZIPPED] { updates
Date:27.05.2021 19:05:12.000
Message: 
 TEST@egor-ptpch-TEST: Sell #BEL done, total:  + 0.15 $ (+15.8%)   sell price: 2.3550 
 AdvFilter  use tags: $,#,❗,📍,▪️,/,\,-,BTC/,BTC\,BTC-,/BTC,\BTC,-BTC,/Binance,\Binance,/Binance!,/Bittrex,\Bittrex,/Bittrex!
 !!! DELTA = 289 ms.  !!! 
=======================

=== formatted text: 
  TEST@egor ptpch TEST Sell #BEL done total + 0.15 $+15.8% sell price 2.3550 
27.05.2021 19:05:12.730     --->    Market found: USDT-BEL
   Tokens in the message: 1 BEL 
   Words count: 10
   Keywords not found !!
   Blackwords found:  done !!
   <== SIGNAL NOT FOUND !!


27.05.2021 19:05:12.840     ---> New Chat Message  (v3) 
Chat: Отчёты @egor_ptpch  id:1188086498
body = [GZIPPED] { updates
Date:27.05.2021 19:05:12.000
Message: 
 TEST@egor-ptpch-TEST: Sell #BEL done, total:  + 0.03 $ (+3.1%)   sell price: 2.3285 
 AdvFilter  use tags: $,#,❗,📍,▪️,/,\,-,BTC/,BTC\,BTC-,/BTC,\BTC,-BTC,/Binance,\Binance,/Binance!,/Bittrex,\Bittrex,/Bittrex!
 !!! DELTA = 404 ms.  !!! 
=======================

=== formatted text: 
  TEST@egor ptpch TEST Sell #BEL done total + 0.03 $+3.1% sell price 2.3285 
27.05.2021 19:05:12.844     --->    Market found: USDT-BEL
   Tokens in the message: 1 BEL 
   Words count: 10
   Keywords not found !!
   Blackwords found:  done !!
   <== SIGNAL NOT FOUND !!


27.05.2021 19:05:12.964     ---> New Chat Message  (v3) 
Chat: Отчёты @egor_ptpch  id:1188086498
body = [GZIPPED] { updates
Date:27.05.2021 19:05:12.000
Message: 
 TEST@egor-ptpch-TEST: Sell #BEL done, total:  + 0.03 $ (+3.2%)   sell price: 2.3285 
 AdvFilter  use tags: $,#,❗,📍,▪️,/,\,-,BTC/,BTC\,BTC-,/BTC,\BTC,-BTC,/Binance,\Binance,/Binance!,/Bittrex,\Bittrex,/Bittrex!
 !!! DELTA = 527 ms.  !!! 
=======================

=== formatted text: 
  TEST@egor ptpch TEST Sell #BEL done total + 0.03 $+3.2% sell price 2.3285 
27.05.2021 19:05:12.967     --->    Market found: USDT-BEL
   Tokens in the message: 1 BEL 
   Words count: 10
   Keywords not found !!
   Blackwords found:  done !!
   <== SIGNAL NOT FOUND !!


27.05.2021 19:05:13.667     ---> New Chat Message  (v3) 
Chat: Отчёты @egor_ptpch  id:1188086498
body = [GZIPPED] { updates
Date:27.05.2021 19:05:13.000
Message: 
 TEST@egor-ptpch-TEST: Sell #BEL done, total:  + 0.15 $ (+16.3%)   sell price: 2.3550 
 AdvFilter  use tags: $,#,❗,📍,▪️,/,\,-,BTC/,BTC\,BTC-,/BTC,\BTC,-BTC,/Binance,\Binance,/Binance!,/Bittrex,\Bittrex,/Bittrex!
 !!! DELTA = 231 ms.  !!! 
=======================

=== formatted text: 
  TEST@egor ptpch TEST Sell #BEL done total + 0.15 $+16.3% sell price 2.3550 
27.05.2021 19:05:13.674     --->    Market found: USDT-BEL
   Tokens in the message: 1 BEL 
   Words count: 10
   Keywords not found !!
   Blackwords found:  done !!
   <== SIGNAL NOT FOUND !!


27.05.2021 19:05:14.062     ---> New Chat Message  (v3) 
Chat: Отчёты @egor_ptpch  id:1188086498
body = [GZIPPED] { updates
Date:27.05.2021 19:05:13.000
Message: 
 TEST@egor-ptpch-TEST: Sell #BEL done, total:  + 0.03 $ (+3.2%)   sell price: 2.3285 
 AdvFilter  use tags: $,#,❗,📍,▪️,/,\,-,BTC/,BTC\,BTC-,/BTC,\BTC,-BTC,/Binance,\Binance,/Binance!,/Bittrex,\Bittrex,/Bittrex!
 !!! DELTA = 625 ms.  !!! 
=======================

=== formatted text: 
  TEST@egor ptpch TEST Sell #BEL done total + 0.03 $+3.2% sell price 2.3285 
27.05.2021 19:05:14.070     --->    Market found: USDT-BEL
   Tokens in the message: 1 BEL 
   Words count: 10
   Keywords not found !!
   Blackwords found:  done !!
   <== SIGNAL NOT FOUND !!


27.05.2021 19:05:16.247     ---> New Chat Message  (v3) 
Chat: Отчёты @guinessbourg  id:1447885047
body = [GZIPPED] { updates
Date:27.05.2021 19:05:16.000
Message: 
 @guinessbourg: (Emulator) Sell #LINK done, total:  + 0.35 $ (+7.1%)   sell price: 32.783 
 AdvFilter  use tags: $,#,❗,📍,▪️,/,\,-,BTC/,BTC\,BTC-,/BTC,\BTC,-BTC,/Binance,\Binance,/Binance!,/Bittrex,\Bittrex,/Bittrex!
 !!! DELTA = 0 ms.  !!! 
=======================

=== formatted text: 
  @guinessbourg Emulator Sell #LINK done total + 0.35 $+7.1% sell price 32.783 
27.05.2021 19:05:16.414     --->    Market found: USDT-LINK
   Tokens in the message: 1 LINK 
   Words count: 9
   Keywords not found !!
   Blackwords found:  done !!
   <== SIGNAL NOT FOUND !!


27.05.2021 19:05:17.592     ---> New Chat Message  (v3) 
Chat: Отчёты @egor_ptpch  id:1188086498
body = [GZIPPED] { updates
Date:27.05.2021 19:05:17.000
Message: 
 TEST@egor-ptpch-TEST: Sell #BEL done, total:  + 0.06 $ (+5.7%)   sell price: 2.3285 
 AdvFilter  use tags: $,#,❗,📍,▪️,/,\,-,BTC/,BTC\,BTC-,/BTC,\BTC,-BTC,/Binance,\Binance,/Binance!,/Bittrex,\Bittrex,/Bittrex!
 !!! DELTA = 155 ms.  !!! 
=======================

=== formatted text: 
  TEST@egor ptpch TEST Sell #BEL done total + 0.06 $+5.7% sell price 2.3285 
27.05.2021 19:05:17.628     --->    Market found: USDT-BEL
   Tokens in the message: 1 BEL 
   Words count: 10
   Keywords not found !!
   Blackwords found:  done !!
   <== SIGNAL NOT FOUND !!


27.05.2021 19:05:17.950     ---> New Chat Message  (v3) 
Chat: Отчёты @egor_ptpch  id:1188086498
body = [GZIPPED] { updates
Date:27.05.2021 19:05:17.000
Message: 
 TEST@egor-ptpch-TEST: Sell #BEL done, total:  + 0.01 $ (+1.1%)   sell price: 2.3285 
 AdvFilter  use tags: $,#,❗,📍,▪️,/,\,-,BTC/,BTC\,BTC-,/BTC,\BTC,-BTC,/Binance,\Binance,/Binance!,/Bittrex,\Bittrex,/Bittrex!
 !!! DELTA = 514 ms.  !!! 
=======================

=== formatted text: 
  TEST@egor ptpch TEST Sell #BEL done total + 0.01 $+1.1% sell price 2.3285 
27.05.2021 19:05:17.970     --->    Market found: USDT-BEL
   Tokens in the message: 1 BEL 
   Words count: 10
   Keywords not found !!
   Blackwords found:  done !!
   <== SIGNAL NOT FOUND !!


27.05.2021 19:05:18.261     ---> New Chat Message  (v3) 
Chat: Отчёты @egor_ptpch  id:1188086498
body = [GZIPPED] { updates
Date:27.05.2021 19:05:18.000
Message: 
 TEST@egor-ptpch-TEST: Bought 9.00 #BEL  (100%) for 2.3114 
 AdvFilter  use tags: $,#,❗,📍,▪️,/,\,-,BTC/,BTC\,BTC-,/BTC,\BTC,-BTC,/Binance,\Binance,/Binance!,/Bittrex,\Bittrex,/Bittrex!
 !!! DELTA = 0 ms.  !!! 
=======================

=== formatted text: 
  TEST@egor ptpch TEST Bought 9.00 #BEL 100% for 2.3114 
27.05.2021 19:05:18.263     --->    Market found: USDT-BEL
   Tokens in the message: 1 BEL 
   Words count: 7
   Keywords not found !!
   Blackwords found:  Bought !!
   <== SIGNAL NOT FOUND !!


27.05.2021 19:05:18.578     ---> New Chat Message  (v3) 
Chat: Отчёты @egor_ptpch  id:1188086498
body = [GZIPPED] { updates
Date:27.05.2021 19:05:18.000
Message: 
 TEST@egor-ptpch-TEST: Sell #BEL done, total:  - 0.02 $ (-1.8%)   sell price: 2.3125 
 AdvFilter  use tags: $,#,❗,📍,▪️,/,\,-,BTC/,BTC\,BTC-,/BTC,\BTC,-BTC,/Binance,\Binance,/Binance!,/Bittrex,\Bittrex,/Bittrex!
 !!! DELTA = 142 ms.  !!! 
=======================

=== formatted text: 
  TEST@egor ptpch TEST Sell #BEL done total 0.02 $1.8% sell price 2.3125 
27.05.2021 19:05:18.612     --->    Market found: USDT-BEL
   Tokens in the message: 1 BEL 
   Words count: 10
   Keywords not found !!
   Blackwords found:  done !!
   <== SIGNAL NOT FOUND !!


27.05.2021 19:05:18.920     ---> New Chat Message  (v3) 
Chat: Отчёты @egor_ptpch  id:1188086498
body = [GZIPPED] { updates
Date:27.05.2021 19:05:18.000
Message: 
 TEST@egor-ptpch-TEST: Bought 9.00 #BEL  (100%) for 2.2925 
 AdvFilter  use tags: $,#,❗,📍,▪️,/,\,-,BTC/,BTC\,BTC-,/BTC,\BTC,-BTC,/Binance,\Binance,/Binance!,/Bittrex,\Bittrex,/Bittrex!
 !!! DELTA = 483 ms.  !!! 
=======================

=== formatted text: 
  TEST@egor ptpch TEST Bought 9.00 #BEL 100% for 2.2925 
27.05.2021 19:05:18.960     --->    Market found: USDT-BEL
   Tokens in the message: 1 BEL 
   Words count: 7
   Keywords not found !!
   Blackwords found:  Bought !!
   <== SIGNAL NOT FOUND !!


27.05.2021 19:05:25.496     ---> New Chat Message  (v3) 
Chat: Отчёты @egor_ptpch  id:1188086498
body = [GZIPPED] { updates
Date:27.05.2021 19:05:25.000
Message: 
 TEST@egor-ptpch-TEST: Sell #BEL done, total:  + 0.14 $ (+13.1%)   sell price: 2.3084 
 AdvFilter  use tags: $,#,❗,📍,▪️,/,\,-,BTC/,BTC\,BTC-,/BTC,\BTC,-BTC,/Binance,\Binance,/Binance!,/Bittrex,\Bittrex,/Bittrex!
 !!! DELTA = 60 ms.  !!! 
=======================

=== formatted text: 
  TEST@egor ptpch TEST Sell #BEL done total + 0.14 $+13.1% sell price 2.3084 
27.05.2021 19:05:25.499     --->    Market found: USDT-BEL
   Tokens in the message: 1 BEL 
   Words count: 10
   Keywords not found !!
   Blackwords found:  done !!
   <== SIGNAL NOT FOUND !!


27.05.2021 19:05:39.132     ---> New Chat Message  (v3) 
Chat: zalupaplus  id:1313262774
body = [GZIPPED] { updates
Date:27.05.2021 19:05:39.000
Message: 
 Automated activation is expired! Please Visit https://tradingview.to/user?utm_source=execution_expiry_notice to update it! 
 AdvFilter  use tags: $,#,❗,📍,▪️,/,\,-,BTC/,BTC\,BTC-,/BTC,\BTC,-BTC,/Binance,\Binance,/Binance!,/Bittrex,\Bittrex,/Bittrex!
 !!! DELTA = 0 ms.  !!! 
=======================



27.05.2021 19:05:57.490     ---> New Chat Message  (v3) 
Chat: Отчёты @vlodeck  id:1235693133
body = [GZIPPED] { updates
Date:27.05.2021 19:05:57.000
Message: 
 @vlodeck: Bought 9.00 #BEL  (100%) for 2.3246 
 AdvFilter  use tags: $,#,❗,📍,▪️,/,\,-,BTC/,BTC\,BTC-,/BTC,\BTC,-BTC,/Binance,\Binance,/Binance!,/Bittrex,\Bittrex,/Bittrex!
 !!! DELTA = 53 ms.  !!! 
=======================

=== formatted text: 
  @vlodeck Bought 9.00 #BEL 100% for 2.3246 
27.05.2021 19:05:57.492     --->    Market found: USDT-BEL
   Tokens in the message: 1 BEL 
   Words count: 5
   Keywords not found !!
   Blackwords found:  Bought !!
   <== SIGNAL NOT FOUND !!


27.05.2021 19:05:57.692     ---> New Chat Message  (v3) 
Chat: Отчёты @egor_ptpch  id:1188086498
body = [GZIPPED] { updates
Date:27.05.2021 19:05:57.000
Message: 
 TEST@egor-ptpch-TEST: Bought 9.00 #BEL  (100%) for 2.3245 
 AdvFilter  use tags: $,#,❗,📍,▪️,/,\,-,BTC/,BTC\,BTC-,/BTC,\BTC,-BTC,/Binance,\Binance,/Binance!,/Bittrex,\Bittrex,/Bittrex!
 !!! DELTA = 256 ms.  !!! 
=======================

=== formatted text: 
  TEST@egor ptpch TEST Bought 9.00 #BEL 100% for 2.3245 
27.05.2021 19:05:57.707     --->    Market found: USDT-BEL
   Tokens in the message: 1 BEL 
   Words count: 7
   Keywords not found !!
   Blackwords found:  Bought !!
   <== SIGNAL NOT FOUND !!


27.05.2021 19:05:58.042     ---> New Chat Message  (v3) 
Chat: Отчёты @egor_ptpch  id:1188086498
body = [GZIPPED] { updates
Date:27.05.2021 19:05:58.000
Message: 
 TEST@egor-ptpch-TEST: Bought 9.00 #BEL  (100%) for 2.3235 
 AdvFilter  use tags: $,#,❗,📍,▪️,/,\,-,BTC/,BTC\,BTC-,/BTC,\BTC,-BTC,/Binance,\Binance,/Binance!,/Bittrex,\Bittrex,/Bittrex!
 !!! DELTA = 0 ms.  !!! 
=======================

=== formatted text: 
  TEST@egor ptpch TEST Bought 9.00 #BEL 100% for 2.3235 
27.05.2021 19:05:58.045     --->    Market found: USDT-BEL
   Tokens in the message: 1 BEL 
   Words count: 7
   Keywords not found !!
   Blackwords found:  Bought !!
   <== SIGNAL NOT FOUND !!


27.05.2021 19:05:58.715     ---> New Chat Message  (v3) 
Chat: Отчёты @egor_ptpch  id:1188086498
body = [GZIPPED] { updates
Date:27.05.2021 19:05:58.000
Message: 
 TEST@egor-ptpch-TEST: Bought 9.00 #BEL  (100%) for 2.3233 
 AdvFilter  use tags: $,#,❗,📍,▪️,/,\,-,BTC/,BTC\,BTC-,/BTC,\BTC,-BTC,/Binance,\Binance,/Binance!,/Bittrex,\Bittrex,/Bittrex!
 !!! DELTA = 279 ms.  !!! 
=======================

=== formatted text: 
  TEST@egor ptpch TEST Bought 9.00 #BEL 100% for 2.3233 
27.05.2021 19:05:58.717     --->    Market found: USDT-BEL
   Tokens in the message: 1 BEL 
   Words count: 7
   Keywords not found !!
   Blackwords found:  Bought !!
   <== SIGNAL NOT FOUND !!


27.05.2021 19:05:59.072     ---> New Chat Message  (v3) 
Chat: Отчёты @egor_ptpch  id:1188086498
body = [GZIPPED] { updates
Date:27.05.2021 19:05:59.000
Message: 
 TEST@egor-ptpch-TEST: Bought 9.00 #BEL  (100%) for 2.3233 
 AdvFilter  use tags: $,#,❗,📍,▪️,/,\,-,BTC/,BTC\,BTC-,/BTC,\BTC,-BTC,/Binance,\Binance,/Binance!,/Bittrex,\Bittrex,/Bittrex!
 !!! DELTA = 0 ms.  !!! 
=======================

=== formatted text: 
  TEST@egor ptpch TEST Bought 9.00 #BEL 100% for 2.3233 
27.05.2021 19:05:59.073     --->    Market found: USDT-BEL
   Tokens in the message: 1 BEL 
   Words count: 7
   Keywords not found !!
   Blackwords found:  Bought !!
   <== SIGNAL NOT FOUND !!


27.05.2021 19:05:59.515     ---> New Chat Message  (v3) 
Chat: Отчёты @egor_ptpch  id:1188086498
body = [GZIPPED] { updates
Date:27.05.2021 19:05:59.000
Message: 
 TEST@egor-ptpch-TEST: Bought 9.00 #BEL  (100%) for 2.3233 
 AdvFilter  use tags: $,#,❗,📍,▪️,/,\,-,BTC/,BTC\,BTC-,/BTC,\BTC,-BTC,/Binance,\Binance,/Binance!,/Bittrex,\Bittrex,/Bittrex!
 !!! DELTA = 79 ms.  !!! 
=======================

=== formatted text: 
  TEST@egor ptpch TEST Bought 9.00 #BEL 100% for 2.3233 
27.05.2021 19:05:59.540     --->    Market found: USDT-BEL
   Tokens in the message: 1 BEL 
   Words count: 7
   Keywords not found !!
   Blackwords found:  Bought !!
   <== SIGNAL NOT FOUND !!


27.05.2021 19:06:02.970     ---> New Chat Message  (v3) 
Chat: Отчёты @egor_ptpch  id:1188086498
body = [GZIPPED] { updates
Date:27.05.2021 19:06:02.000
Message: 
 TEST@egor-ptpch-TEST: Bought 9.00 #BEL  (100%) for 2.3233 
 AdvFilter  use tags: $,#,❗,📍,▪️,/,\,-,BTC/,BTC\,BTC-,/BTC,\BTC,-BTC,/Binance,\Binance,/Binance!,/Bittrex,\Bittrex,/Bittrex!
 !!! DELTA = 534 ms.  !!! 
=======================

=== formatted text: 
  TEST@egor ptpch TEST Bought 9.00 #BEL 100% for 2.3233 
27.05.2021 19:06:02.972     --->    Market found: USDT-BEL
   Tokens in the message: 1 BEL 
   Words count: 7
   Keywords not found !!
   Blackwords found:  Bought !!
   <== SIGNAL NOT FOUND !!


27.05.2021 19:06:05.149     ---> New Chat Message  (v3) 
Chat: zalupaplus  id:1313262774
body = [GZIPPED] { updates
Date:27.05.2021 19:06:05.000
Message: 
 Automated activation is expired! Please Visit https://tradingview.to/user?utm_source=execution_expiry_notice to update it! 
 AdvFilter  use tags: $,#,❗,📍,▪️,/,\,-,BTC/,BTC\,BTC-,/BTC,\BTC,-BTC,/Binance,\Binance,/Binance!,/Bittrex,\Bittrex,/Bittrex!
 !!! DELTA = 0 ms.  !!! 
=======================



27.05.2021 19:06:10.501     ---> New Chat Message  (v3) 
Chat: Отчёты @egor_ptpch  id:1188086498
body = [GZIPPED] { updates
Date:27.05.2021 19:06:10.000
Message: 
 TEST@egor-ptpch-TEST: Bought 9.00 #BEL  (100%) for 2.3230 
 AdvFilter  use tags: $,#,❗,📍,▪️,/,\,-,BTC/,BTC\,BTC-,/BTC,\BTC,-BTC,/Binance,\Binance,/Binance!,/Bittrex,\Bittrex,/Bittrex!
 !!! DELTA = 64 ms.  !!! 
=======================

=== formatted text: 
  TEST@egor ptpch TEST Bought 9.00 #BEL 100% for 2.3230 
27.05.2021 19:06:10.502     --->    Market found: USDT-BEL
   Tokens in the message: 1 BEL 
   Words count: 7
   Keywords not found !!
   Blackwords found:  Bought !!
   <== SIGNAL NOT FOUND !!


27.05.2021 19:06:11.359     ---> New Chat Message  (v3) 
Chat: Отчёты @egor_ptpch  id:1188086498
body = [GZIPPED] { updates
Date:27.05.2021 19:06:10.000
Message: 
 TEST@egor-ptpch-TEST: Bought 9.00 #BEL  (100%) for 2.3226 
 AdvFilter  use tags: $,#,❗,📍,▪️,/,\,-,BTC/,BTC\,BTC-,/BTC,\BTC,-BTC,/Binance,\Binance,/Binance!,/Bittrex,\Bittrex,/Bittrex!
 !!! DELTA = 923 ms.  !!! 
=======================

=== formatted text: 
  TEST@egor ptpch TEST Bought 9.00 #BEL 100% for 2.3226 
27.05.2021 19:06:11.361     --->    Market found: USDT-BEL
   Tokens in the message: 1 BEL 
   Words count: 7
   Keywords not found !!
   Blackwords found:  Bought !!
   <== SIGNAL NOT FOUND !!


27.05.2021 19:06:11.373     ---> New Chat Message  (v3) 
Chat: Отчёты @egor_ptpch  id:1188086498
body = [GZIPPED] { updates
Date:27.05.2021 19:06:11.000
Message: 
 TEST@egor-ptpch-TEST: Bought 9.00 #BEL  (100%) for 2.3226 
 AdvFilter  use tags: $,#,❗,📍,▪️,/,\,-,BTC/,BTC\,BTC-,/BTC,\BTC,-BTC,/Binance,\Binance,/Binance!,/Bittrex,\Bittrex,/Bittrex!
 !!! DELTA = 0 ms.  !!! 
=======================

=== formatted text: 
  TEST@egor ptpch TEST Bought 9.00 #BEL 100% for 2.3226 
27.05.2021 19:06:11.389     --->    Market found: USDT-BEL
   Tokens in the message: 1 BEL 
   Words count: 7
   Keywords not found !!
   Blackwords found:  Bought !!
   <== SIGNAL NOT FOUND !!


27.05.2021 19:06:11.567     ---> New Chat Message  (v3) 
Chat: Отчёты @egor_ptpch  id:1188086498
body = [GZIPPED] { updates
Date:27.05.2021 19:06:11.000
Message: 
 TEST@egor-ptpch-TEST: Bought 9.00 #BEL  (100%) for 2.3226 
 AdvFilter  use tags: $,#,❗,📍,▪️,/,\,-,BTC/,BTC\,BTC-,/BTC,\BTC,-BTC,/Binance,\Binance,/Binance!,/Bittrex,\Bittrex,/Bittrex!
 !!! DELTA = 131 ms.  !!! 
=======================

=== formatted text: 
  TEST@egor ptpch TEST Bought 9.00 #BEL 100% for 2.3226 
27.05.2021 19:06:11.569     --->    Market found: USDT-BEL
   Tokens in the message: 1 BEL 
   Words count: 7
   Keywords not found !!
   Blackwords found:  Bought !!
   <== SIGNAL NOT FOUND !!


27.05.2021 19:06:11.860     ---> New Chat Message  (v3) 
Chat: Отчёты @egor_ptpch  id:1188086498
body = [GZIPPED] { updates
Date:27.05.2021 19:06:11.000
Message: 
 TEST@egor-ptpch-TEST: Bought 9.00 #BEL  (100%) for 2.3226 
 AdvFilter  use tags: $,#,❗,📍,▪️,/,\,-,BTC/,BTC\,BTC-,/BTC,\BTC,-BTC,/Binance,\Binance,/Binance!,/Bittrex,\Bittrex,/Bittrex!
 !!! DELTA = 423 ms.  !!! 
=======================

=== formatted text: 
  TEST@egor ptpch TEST Bought 9.00 #BEL 100% for 2.3226 
27.05.2021 19:06:11.861     --->    Market found: USDT-BEL
   Tokens in the message: 1 BEL 
   Words count: 7
   Keywords not found !!
   Blackwords found:  Bought !!
   <== SIGNAL NOT FOUND !!


27.05.2021 19:06:18.331     ---> New Chat Message  (v3) 
Chat: Отчёты @egor_ptpch  id:1188086498
body = [GZIPPED] { updates
Date:27.05.2021 19:06:18.000
Message: 
 TEST@egor-ptpch-TEST: Bought 9.00 #BEL  (100%) for 2.3217 
 AdvFilter  use tags: $,#,❗,📍,▪️,/,\,-,BTC/,BTC\,BTC-,/BTC,\BTC,-BTC,/Binance,\Binance,/Binance!,/Bittrex,\Bittrex,/Bittrex!
 !!! DELTA = 0 ms.  !!! 
=======================

=== formatted text: 
  TEST@egor ptpch TEST Bought 9.00 #BEL 100% for 2.3217 
27.05.2021 19:06:18.333     --->    Market found: USDT-BEL
   Tokens in the message: 1 BEL 
   Words count: 7
   Keywords not found !!
   Blackwords found:  Bought !!
   <== SIGNAL NOT FOUND !!


27.05.2021 19:06:18.730     ---> New Chat Message  (v3) 
Chat: Отчёты @egor_ptpch  id:1188086498
body = [GZIPPED] { updates
Date:27.05.2021 19:06:18.000
Message: 
 TEST@egor-ptpch-TEST: Bought 9.00 #BEL  (100%) for 2.3217 
 AdvFilter  use tags: $,#,❗,📍,▪️,/,\,-,BTC/,BTC\,BTC-,/BTC,\BTC,-BTC,/Binance,\Binance,/Binance!,/Bittrex,\Bittrex,/Bittrex!
 !!! DELTA = 294 ms.  !!! 
=======================

=== formatted text: 
  TEST@egor ptpch TEST Bought 9.00 #BEL 100% for 2.3217 
27.05.2021 19:06:18.732     --->    Market found: USDT-BEL
   Tokens in the message: 1 BEL 
   Words count: 7
   Keywords not found !!
   Blackwords found:  Bought !!
   <== SIGNAL NOT FOUND !!


27.05.2021 19:06:19.026     ---> New Chat Message  (v3) 
Chat: Отчёты @egor_ptpch  id:1188086498
body = [GZIPPED] { updates
Date:27.05.2021 19:06:18.000
Message: 
 TEST@egor-ptpch-TEST: Bought 9.00 #BEL  (100%) for 2.3218 
 AdvFilter  use tags: $,#,❗,📍,▪️,/,\,-,BTC/,BTC\,BTC-,/BTC,\BTC,-BTC,/Binance,\Binance,/Binance!,/Bittrex,\Bittrex,/Bittrex!
 !!! DELTA = 590 ms.  !!! 
=======================

=== formatted text: 
  TEST@egor ptpch TEST Bought 9.00 #BEL 100% for 2.3218 
27.05.2021 19:06:19.029     --->    Market found: USDT-BEL
   Tokens in the message: 1 BEL 
   Words count: 7
   Keywords not found !!
   Blackwords found:  Bought !!
   <== SIGNAL NOT FOUND !!


27.05.2021 19:06:19.328     ---> New Chat Message  (v3) 
Chat: Отчёты @egor_ptpch  id:1188086498
body = [GZIPPED] { updates
Date:27.05.2021 19:06:19.000
Message: 
 TEST@egor-ptpch-TEST: Bought 9.00 #BEL  (100%) for 2.3218 
 AdvFilter  use tags: $,#,❗,📍,▪️,/,\,-,BTC/,BTC\,BTC-,/BTC,\BTC,-BTC,/Binance,\Binance,/Binance!,/Bittrex,\Bittrex,/Bittrex!
 !!! DELTA = 0 ms.  !!! 
=======================

=== formatted text: 
  TEST@egor ptpch TEST Bought 9.00 #BEL 100% for 2.3218 
27.05.2021 19:06:19.330     --->    Market found: USDT-BEL
   Tokens in the message: 1 BEL 
   Words count: 7
   Keywords not found !!
   Blackwords found:  Bought !!
   <== SIGNAL NOT FOUND !!


27.05.2021 19:06:19.797     ---> New Chat Message  (v3) 
Chat: Отчёты @egor_ptpch  id:1188086498
body = [GZIPPED] { updates
Date:27.05.2021 19:06:19.000
Message: 
 TEST@egor-ptpch-TEST: Bought 9.00 #BEL  (100%) for 2.3217 
 AdvFilter  use tags: $,#,❗,📍,▪️,/,\,-,BTC/,BTC\,BTC-,/BTC,\BTC,-BTC,/Binance,\Binance,/Binance!,/Bittrex,\Bittrex,/Bittrex!
 !!! DELTA = 361 ms.  !!! 
=======================

=== formatted text: 
  TEST@egor ptpch TEST Bought 9.00 #BEL 100% for 2.3217 
27.05.2021 19:06:19.799     --->    Market found: USDT-BEL
   Tokens in the message: 1 BEL 
   Words count: 7
   Keywords not found !!
   Blackwords found:  Bought !!
   <== SIGNAL NOT FOUND !!


27.05.2021 19:06:26.225     ---> New Chat Message  (v3) 
Chat: Отчёты @egor_ptpch  id:1188086498
body = [GZIPPED] { updates
Date:27.05.2021 19:06:26.000
Message: 
 TEST@egor-ptpch-TEST: Bought 9.00 #BEL  (100%) for 2.3217 
 AdvFilter  use tags: $,#,❗,📍,▪️,/,\,-,BTC/,BTC\,BTC-,/BTC,\BTC,-BTC,/Binance,\Binance,/Binance!,/Bittrex,\Bittrex,/Bittrex!
 !!! DELTA = 0 ms.  !!! 
=======================

=== formatted text: 
  TEST@egor ptpch TEST Bought 9.00 #BEL 100% for 2.3217 
27.05.2021 19:06:26.227     --->    Market found: USDT-BEL
   Tokens in the message: 1 BEL 
   Words count: 7
   Keywords not found !!
   Blackwords found:  Bought !!
   <== SIGNAL NOT FOUND !!


27.05.2021 19:06:26.635     ---> New Chat Message  (v3) 
Chat: Отчёты @egor_ptpch  id:1188086498
body = [GZIPPED] { updates
Date:27.05.2021 19:06:26.000
Message: 
 TEST@egor-ptpch-TEST: Bought 9.00 #BEL  (100%) for 2.3229 
 AdvFilter  use tags: $,#,❗,📍,▪️,/,\,-,BTC/,BTC\,BTC-,/BTC,\BTC,-BTC,/Binance,\Binance,/Binance!,/Bittrex,\Bittrex,/Bittrex!
 !!! DELTA = 199 ms.  !!! 
=======================

=== formatted text: 
  TEST@egor ptpch TEST Bought 9.00 #BEL 100% for 2.3229 
27.05.2021 19:06:26.637     --->    Market found: USDT-BEL
   Tokens in the message: 1 BEL 
   Words count: 7
   Keywords not found !!
   Blackwords found:  Bought !!
   <== SIGNAL NOT FOUND !!


27.05.2021 19:06:27.246     ---> New Chat Message  (v3) 
Chat: Отчёты @egor_ptpch  id:1188086498
body = [GZIPPED] { updates
Date:27.05.2021 19:06:27.000
Message: 
 TEST@egor-ptpch-TEST: Bought 9.00 #BEL  (100%) for 2.3230 
 AdvFilter  use tags: $,#,❗,📍,▪️,/,\,-,BTC/,BTC\,BTC-,/BTC,\BTC,-BTC,/Binance,\Binance,/Binance!,/Bittrex,\Bittrex,/Bittrex!
 !!! DELTA = 0 ms.  !!! 
=======================

=== formatted text: 
  TEST@egor ptpch TEST Bought 9.00 #BEL 100% for 2.3230 
27.05.2021 19:06:27.248     --->    Market found: USDT-BEL
   Tokens in the message: 1 BEL 
   Words count: 7
   Keywords not found !!
   Blackwords found:  Bought !!
   <== SIGNAL NOT FOUND !!


27.05.2021 19:06:27.538     ---> New Chat Message  (v3) 
Chat: Отчёты @egor_ptpch  id:1188086498
body = [GZIPPED] { updates
Date:27.05.2021 19:06:27.000
Message: 
 TEST@egor-ptpch-TEST: Bought 9.00 #BEL  (100%) for 2.3230 
 AdvFilter  use tags: $,#,❗,📍,▪️,/,\,-,BTC/,BTC\,BTC-,/BTC,\BTC,-BTC,/Binance,\Binance,/Binance!,/Bittrex,\Bittrex,/Bittrex!
 !!! DELTA = 102 ms.  !!! 
=======================

=== formatted text: 
  TEST@egor ptpch TEST Bought 9.00 #BEL 100% for 2.3230 
27.05.2021 19:06:27.540     --->    Market found: USDT-BEL
   Tokens in the message: 1 BEL 
   Words count: 7
   Keywords not found !!
   Blackwords found:  Bought !!
   <== SIGNAL NOT FOUND !!


27.05.2021 19:06:27.861     ---> New Chat Message  (v3) 
Chat: Отчёты @egor_ptpch  id:1188086498
body = [GZIPPED] { updates
Date:27.05.2021 19:06:27.000
Message: 
 TEST@egor-ptpch-TEST: Bought 9.00 #BEL  (100%) for 2.3222 
 AdvFilter  use tags: $,#,❗,📍,▪️,/,\,-,BTC/,BTC\,BTC-,/BTC,\BTC,-BTC,/Binance,\Binance,/Binance!,/Bittrex,\Bittrex,/Bittrex!
 !!! DELTA = 425 ms.  !!! 
=======================

=== formatted text: 
  TEST@egor ptpch TEST Bought 9.00 #BEL 100% for 2.3222 
27.05.2021 19:06:27.863     --->    Market found: USDT-BEL
   Tokens in the message: 1 BEL 
   Words count: 7
   Keywords not found !!
   Blackwords found:  Bought !!
   <== SIGNAL NOT FOUND !!


27.05.2021 19:06:31.416     ---> New Chat Message  (v3) 
Chat: Отчёты @egor_ptpch  id:1188086498
body = [GZIPPED] { updates
Date:27.05.2021 19:06:31.000
Message: 
 TEST@egor-ptpch-TEST: Bought 9.00 #BEL  (100%) for 2.3233 
 AdvFilter  use tags: $,#,❗,📍,▪️,/,\,-,BTC/,BTC\,BTC-,/BTC,\BTC,-BTC,/Binance,\Binance,/Binance!,/Bittrex,\Bittrex,/Bittrex!
 !!! DELTA = 0 ms.  !!! 
=======================

=== formatted text: 
  TEST@egor ptpch TEST Bought 9.00 #BEL 100% for 2.3233 
27.05.2021 19:06:31.418     --->    Market found: USDT-BEL
   Tokens in the message: 1 BEL 
   Words count: 7
   Keywords not found !!
   Blackwords found:  Bought !!
   <== SIGNAL NOT FOUND !!


27.05.2021 19:06:31.779     ---> New Chat Message  (v3) 
Chat: Отчёты @egor_ptpch  id:1188086498
body = [GZIPPED] { updates
Date:27.05.2021 19:06:31.000
Message: 
 TEST@egor-ptpch-TEST: Bought 9.00 #BEL  (100%) for 2.3235 
 AdvFilter  use tags: $,#,❗,📍,▪️,/,\,-,BTC/,BTC\,BTC-,/BTC,\BTC,-BTC,/Binance,\Binance,/Binance!,/Bittrex,\Bittrex,/Bittrex!
 !!! DELTA = 342 ms.  !!! 
=======================

=== formatted text: 
  TEST@egor ptpch TEST Bought 9.00 #BEL 100% for 2.3235 
27.05.2021 19:06:31.780     --->    Market found: USDT-BEL
   Tokens in the message: 1 BEL 
   Words count: 7
   Keywords not found !!
   Blackwords found:  Bought !!
   <== SIGNAL NOT FOUND !!


27.05.2021 19:06:32.168     ---> New Chat Message  (v3) 
Chat: Отчёты @egor_ptpch  id:1188086498
body = [GZIPPED] { updates
Date:27.05.2021 19:06:32.000
Message: 
 TEST@egor-ptpch-TEST: Bought 9.00 #BEL  (100%) for 2.3236 
 AdvFilter  use tags: $,#,❗,📍,▪️,/,\,-,BTC/,BTC\,BTC-,/BTC,\BTC,-BTC,/Binance,\Binance,/Binance!,/Bittrex,\Bittrex,/Bittrex!
 !!! DELTA = 0 ms.  !!! 
=======================

=== formatted text: 
  TEST@egor ptpch TEST Bought 9.00 #BEL 100% for 2.3236 
27.05.2021 19:06:32.171     --->    Market found: USDT-BEL
   Tokens in the message: 1 BEL 
   Words count: 7
   Keywords not found !!
   Blackwords found:  Bought !!
   <== SIGNAL NOT FOUND !!


27.05.2021 19:06:32.633     ---> New Chat Message  (v3) 
Chat: Отчёты @egor_ptpch  id:1188086498
body = [GZIPPED] { updates
Date:27.05.2021 19:06:32.000
Message: 
 TEST@egor-ptpch-TEST: Bought 9.00 #BEL  (100%) for 2.3235 
 AdvFilter  use tags: $,#,❗,📍,▪️,/,\,-,BTC/,BTC\,BTC-,/BTC,\BTC,-BTC,/Binance,\Binance,/Binance!,/Bittrex,\Bittrex,/Bittrex!
 !!! DELTA = 197 ms.  !!! 
=======================

=== formatted text: 
  TEST@egor ptpch TEST Bought 9.00 #BEL 100% for 2.3235 
27.05.2021 19:06:32.650     --->    Market found: USDT-BEL
   Tokens in the message: 1 BEL 
   Words count: 7
   Keywords not found !!
   Blackwords found:  Bought !!
   <== SIGNAL NOT FOUND !!


27.05.2021 19:06:33.006     ---> New Chat Message  (v3) 
Chat: Отчёты @egor_ptpch  id:1188086498
body = [GZIPPED] { updates
Date:27.05.2021 19:06:33.000
Message: 
 TEST@egor-ptpch-TEST: Bought 9.00 #BEL  (100%) for 2.3244 
 AdvFilter  use tags: $,#,❗,📍,▪️,/,\,-,BTC/,BTC\,BTC-,/BTC,\BTC,-BTC,/Binance,\Binance,/Binance!,/Bittrex,\Bittrex,/Bittrex!
 !!! DELTA = 0 ms.  !!! 
=======================

=== formatted text: 
  TEST@egor ptpch TEST Bought 9.00 #BEL 100% for 2.3244 
27.05.2021 19:06:33.008     --->    Market found: USDT-BEL
   Tokens in the message: 1 BEL 
   Words count: 7
   Keywords not found !!
   Blackwords found:  Bought !!
   <== SIGNAL NOT FOUND !!


27.05.2021 19:06:43.607     ---> New Chat Message  (v3) 
Chat: Отчёты @vlodeck  id:1235693133
body = [GZIPPED] { updates
Date:27.05.2021 19:06:43.000
Message: 
 @vlodeck: Sell #BEL done, total:  (-9.7%)   sell price: 2.3349 
 AdvFilter  use tags: $,#,❗,📍,▪️,/,\,-,BTC/,BTC\,BTC-,/BTC,\BTC,-BTC,/Binance,\Binance,/Binance!,/Bittrex,\Bittrex,/Bittrex!
 !!! DELTA = 170 ms.  !!! 
=======================

=== formatted text: 
  @vlodeck Sell #BEL done total 9.7% sell price 2.3349 
27.05.2021 19:06:43.609     --->    Market found: USDT-BEL
   Tokens in the message: 1 BEL 
   Words count: 8
   Keywords not found !!
   Blackwords found:  done !!
   <== SIGNAL NOT FOUND !!


27.05.2021 19:07:27.696     ---> New Chat Message  (v3) 
Chat: Отчёты @K_Andre_V  id:1290596094
body = [GZIPPED] { updates
Date:27.05.2021 19:07:27.000
Message: 
 @K-Andre-V: (Emulator) Bought 12.70 #THETA  (100%) for 7.8090 
 AdvFilter  use tags: $,#,❗,📍,▪️,/,\,-,BTC/,BTC\,BTC-,/BTC,\BTC,-BTC,/Binance,\Binance,/Binance!,/Bittrex,\Bittrex,/Bittrex!
 !!! DELTA = 257 ms.  !!! 
=======================

=== formatted text: 
  @K Andre V Emulator Bought 12.70 #THETA 100% for 7.8090 
27.05.2021 19:07:27.702     --->    Market found: USDT-THETA
   Tokens in the message: 1 THETA 
   Words count: 6
   Keywords not found !!
   Blackwords found:  Bought !!
   <== SIGNAL NOT FOUND !!


27.05.2021 19:07:41.678     ---> New Chat Message  (v3) 
Chat: Отчёты @egor_ptpch  id:1188086498
body = [GZIPPED] { updates
Date:27.05.2021 19:07:41.000
Message: 
 TEST@egor-ptpch-TEST: Bought 9.00 #BEL  (100%) for 2.3448 
 AdvFilter  use tags: $,#,❗,📍,▪️,/,\,-,BTC/,BTC\,BTC-,/BTC,\BTC,-BTC,/Binance,\Binance,/Binance!,/Bittrex,\Bittrex,/Bittrex!
 !!! DELTA = 240 ms.  !!! 
=======================

=== formatted text: 
  TEST@egor ptpch TEST Bought 9.00 #BEL 100% for 2.3448 
27.05.2021 19:07:41.681     --->    Market found: USDT-BEL
   Tokens in the message: 1 BEL 
   Words count: 7
   Keywords not found !!
   Blackwords found:  Bought !!
   <== SIGNAL NOT FOUND !!


27.05.2021 19:07:42.454     ---> New Chat Message  (v3) 
Chat: Отчёты @egor_ptpch  id:1188086498
body = [GZIPPED] { updates
Date:27.05.2021 19:07:42.000
Message: 
 TEST@egor-ptpch-TEST: Bought 9.00 #BEL  (100%) for 2.3448 
 AdvFilter  use tags: $,#,❗,📍,▪️,/,\,-,BTC/,BTC\,BTC-,/BTC,\BTC,-BTC,/Binance,\Binance,/Binance!,/Bittrex,\Bittrex,/Bittrex!
 !!! DELTA = 17 ms.  !!! 
=======================

=== formatted text: 
  TEST@egor ptpch TEST Bought 9.00 #BEL 100% for 2.3448 
27.05.2021 19:07:42.457     --->    Market found: USDT-BEL
   Tokens in the message: 1 BEL 
   Words count: 7
   Keywords not found !!
   Blackwords found:  Bought !!
   <== SIGNAL NOT FOUND !!


27.05.2021 19:07:42.781     ---> New Chat Message  (v3) 
Chat: Отчёты @egor_ptpch  id:1188086498
body = [GZIPPED] { updates
Date:27.05.2021 19:07:42.000
Message: 
 TEST@egor-ptpch-TEST: Bought 9.00 #BEL  (100%) for 2.3432 
 AdvFilter  use tags: $,#,❗,📍,▪️,/,\,-,BTC/,BTC\,BTC-,/BTC,\BTC,-BTC,/Binance,\Binance,/Binance!,/Bittrex,\Bittrex,/Bittrex!
 !!! DELTA = 344 ms.  !!! 
=======================

=== formatted text: 
  TEST@egor ptpch TEST Bought 9.00 #BEL 100% for 2.3432 
27.05.2021 19:07:42.784     --->    Market found: USDT-BEL
   Tokens in the message: 1 BEL 
   Words count: 7
   Keywords not found !!
   Blackwords found:  Bought !!
   <== SIGNAL NOT FOUND !!


27.05.2021 19:07:43.111     ---> New Chat Message  (v3) 
Chat: Отчёты @egor_ptpch  id:1188086498
body = [GZIPPED] { updates
Date:27.05.2021 19:07:43.000
Message: 
 TEST@egor-ptpch-TEST: Bought 9.00 #BEL  (100%) for 2.3435 
 AdvFilter  use tags: $,#,❗,📍,▪️,/,\,-,BTC/,BTC\,BTC-,/BTC,\BTC,-BTC,/Binance,\Binance,/Binance!,/Bittrex,\Bittrex,/Bittrex!
 !!! DELTA = 0 ms.  !!! 
=======================

=== formatted text: 
  TEST@egor ptpch TEST Bought 9.00 #BEL 100% for 2.3435 
27.05.2021 19:07:43.114     --->    Market found: USDT-BEL
   Tokens in the message: 1 BEL 
   Words count: 7
   Keywords not found !!
   Blackwords found:  Bought !!
   <== SIGNAL NOT FOUND !!


27.05.2021 19:07:43.602     ---> New Chat Message  (v3) 
Chat: Отчёты @egor_ptpch  id:1188086498
body = [GZIPPED] { updates
Date:27.05.2021 19:07:43.000
Message: 
 TEST@egor-ptpch-TEST: Bought 9.00 #BEL  (100%) for 2.3441 
 AdvFilter  use tags: $,#,❗,📍,▪️,/,\,-,BTC/,BTC\,BTC-,/BTC,\BTC,-BTC,/Binance,\Binance,/Binance!,/Bittrex,\Bittrex,/Bittrex!
 !!! DELTA = 164 ms.  !!! 
=======================

=== formatted text: 
  TEST@egor ptpch TEST Bought 9.00 #BEL 100% for 2.3441 
27.05.2021 19:07:43.608     --->    Market found: USDT-BEL
   Tokens in the message: 1 BEL 
   Words count: 7
   Keywords not found !!
   Blackwords found:  Bought !!
   <== SIGNAL NOT FOUND !!


27.05.2021 19:07:47.254     ---> New Chat Message  (v3) 
Chat: Отчёты @egor_ptpch  id:1188086498
body = [GZIPPED] { updates
Date:27.05.2021 19:07:47.000
Message: 
 TEST@egor-ptpch-TEST: Bought 9.00 #BEL  (100%) for 2.3426 
 AdvFilter  use tags: $,#,❗,📍,▪️,/,\,-,BTC/,BTC\,BTC-,/BTC,\BTC,-BTC,/Binance,\Binance,/Binance!,/Bittrex,\Bittrex,/Bittrex!
 !!! DELTA = 0 ms.  !!! 
=======================

=== formatted text: 
  TEST@egor ptpch TEST Bought 9.00 #BEL 100% for 2.3426 
27.05.2021 19:07:47.256     --->    Market found: USDT-BEL
   Tokens in the message: 1 BEL 
   Words count: 7
   Keywords not found !!
   Blackwords found:  Bought !!
   <== SIGNAL NOT FOUND !!


27.05.2021 19:07:47.661     ---> New Chat Message  (v3) 
Chat: Отчёты @egor_ptpch  id:1188086498
body = [GZIPPED] { updates
Date:27.05.2021 19:07:47.000
Message: 
 TEST@egor-ptpch-TEST: Bought 9.00 #BEL  (100%) for 2.3415 
 AdvFilter  use tags: $,#,❗,📍,▪️,/,\,-,BTC/,BTC\,BTC-,/BTC,\BTC,-BTC,/Binance,\Binance,/Binance!,/Bittrex,\Bittrex,/Bittrex!
 !!! DELTA = 224 ms.  !!! 
=======================

=== formatted text: 
  TEST@egor ptpch TEST Bought 9.00 #BEL 100% for 2.3415 
27.05.2021 19:07:47.694     --->    Market found: USDT-BEL
   Tokens in the message: 1 BEL 
   Words count: 7
   Keywords not found !!
   Blackwords found:  Bought !!
   <== SIGNAL NOT FOUND !!


27.05.2021 19:07:48.013     ---> New Chat Message  (v3) 
Chat: Отчёты @egor_ptpch  id:1188086498
body = [GZIPPED] { updates
Date:27.05.2021 19:07:47.000
Message: 
 TEST@egor-ptpch-TEST: Bought 9.00 #BEL  (100%) for 2.3415 
 AdvFilter  use tags: $,#,❗,📍,▪️,/,\,-,BTC/,BTC\,BTC-,/BTC,\BTC,-BTC,/Binance,\Binance,/Binance!,/Bittrex,\Bittrex,/Bittrex!
 !!! DELTA = 576 ms.  !!! 
=======================

=== formatted text: 
  TEST@egor ptpch TEST Bought 9.00 #BEL 100% for 2.3415 
27.05.2021 19:07:48.015     --->    Market found: USDT-BEL
   Tokens in the message: 1 BEL 
   Words count: 7
   Keywords not found !!
   Blackwords found:  Bought !!
   <== SIGNAL NOT FOUND !!


27.05.2021 19:07:50.678     ---> New Chat Message  (v3) 
Chat: Отчёты @K_Andre_V  id:1290596094
body = [GZIPPED] { updates
Date:27.05.2021 19:07:50.000
Message: 
 @K-Andre-V: (Emulator) Sell #THETA done, total:  - 0.21 $ (-4.2%)   sell price: 7.8221 
 AdvFilter  use tags: $,#,❗,📍,▪️,/,\,-,BTC/,BTC\,BTC-,/BTC,\BTC,-BTC,/Binance,\Binance,/Binance!,/Bittrex,\Bittrex,/Bittrex!
 !!! DELTA = 240 ms.  !!! 
=======================

=== formatted text: 
  @K Andre V Emulator Sell #THETA done total 0.21 $4.2% sell price 7.8221 
27.05.2021 19:07:50.682     --->    Market found: USDT-THETA
   Tokens in the message: 1 THETA 
   Words count: 9
   Keywords not found !!
   Blackwords found:  done !!
   <== SIGNAL NOT FOUND !!


27.05.2021 19:08:05.051     ---> New Chat Message  (v3) 
Chat: Отчёты @K_Andre_V  id:1290596094
body = [GZIPPED] { updates
Date:27.05.2021 19:08:05.000
Message: 
 @K-Andre-V: (Emulator) Bought 12.80 #THETA  (100%) for 7.8110 
 AdvFilter  use tags: $,#,❗,📍,▪️,/,\,-,BTC/,BTC\,BTC-,/BTC,\BTC,-BTC,/Binance,\Binance,/Binance!,/Bittrex,\Bittrex,/Bittrex!
 !!! DELTA = 0 ms.  !!! 
=======================

=== formatted text: 
  @K Andre V Emulator Bought 12.80 #THETA 100% for 7.8110 
27.05.2021 19:08:05.054     --->    Market found: USDT-THETA
   Tokens in the message: 1 THETA 
   Words count: 6
   Keywords not found !!
   Blackwords found:  Bought !!
   <== SIGNAL NOT FOUND !!


27.05.2021 19:08:05.623     ---> New Chat Message  (v3) 
Chat: Отчёты @serhio_ramoss  id:1219752272
body = [GZIPPED] { updates
Date:27.05.2021 19:08:05.000
Message: 
 @serhio-ramoss: (Emulator) Bought 98.50 #XRP  (100%) for 1.0068 
 RemoteControl channel 1219752272 AdvFilter  use tags: $,#,❗,📍,▪️,/,\,-,BTC/,BTC\,BTC-,/BTC,\BTC,-BTC,/Binance,\Binance,/Binance!,/Bittrex,\Bittrex,/Bittrex!
 !!! DELTA = 185 ms.  !!! 
=======================



27.05.2021 19:08:07.979     ---> New Chat Message  (v3) 
Chat: Отчёты @serhio_ramoss  id:1219752272
body = [GZIPPED] { updates
Date:27.05.2021 19:08:07.000
Message: 
 @serhio-ramoss: (Emulator) Sell #XRP done, total:  - 0.09 $ (-1.8%)   sell price: 1.0063 
 RemoteControl channel 1219752272 AdvFilter  use tags: $,#,❗,📍,▪️,/,\,-,BTC/,BTC\,BTC-,/BTC,\BTC,-BTC,/Binance,\Binance,/Binance!,/Bittrex,\Bittrex,/Bittrex!
 !!! DELTA = 542 ms.  !!! 
=======================

27.05.2021 19:08:21.814     --->  === Stopped ===
