23:12:08               
23:12:08           --- App Start ---   CPU: 12 cores   Memory: 17.07 Gb  UseMem: 100%   Canvas: TCanvasD2D
23:12:09.582           ---  Init. Exchange: Binance Futures  ---  v6.38 (10.05.2021)  VDS Mode: NO  FreePosMode: NO
23:12:09.706  TimeSync tries:1  Offset: -2  NTPDelay: 24
23:12:10.619   UDP will exporter to port 2000
23:12:10.619   UDP will listen port 7851
23:12:17.259  Auth error! TryCount=4 err: {"code":-2015,"msg":"Invalid API-key, IP, or permissions for action, request ip: 176.100.164.128"}
23:12:21.831   UDP will listen port 7851
23:13:11.051  Account Rate Limits: 2400 requests per minute,  1200 orders per minute, 300 orders per 10 seconds 
23:13:10.981  Auth: OK! Binance connection method: 0
23:13:14.223   == Reg. ID: 2206
23:13:14.224  Пожалуйста, зайдите в "Настройки - Логин" и поставьте галочку "Согласен отправлять результаты моих сделок на сервер" на всех ваших ботах. 
  Если вы не снимаете галочку минимум неделю, вам станут доступны некоторые особые функции, например стратегия покупки на листинге. 
  (Осталось 7.0 дней )
23:13:14.226  MultiOrders: NO (cfg: NO)  XFunction: NO 
23:13:14.227  Markets updated: 120  USDT Markets: 120
23:13:14.248  Bot's server message: Welcome!
23:13:15.362  PositionSide: {"dualSidePosition":true}
23:13:16.247  SubscribeOrders: OK; key: URfVHeKIWkNpIJA8OwiKotIsu93ZLZW1InGg7IvIGmIa5joPoaLpvxN85hO6xE1p
23:13:17.481  SubscribeOrders2: OK; key: URfVHeKIWkNpIJA8OwiKotIsu93ZLZW1InGg7IvIGmIa5joPoaLpvxN85hO6xE1p
23:13:28.757  Data load time: 14.28 sec
23:13:28.769  Готов.
23:13:28.770  Subscribing to @aggTrade stream
23:13:36.390   UDP will listen port 7851
23:13:42.803   UDP will listen port 7851
23:14:51.294  Save strategies
23:14:55.409   === Started ===
23:14:55.410  Жду название монеты ...
23:14:56.601  BTC: PumpQ=1790848716 24vol=30098m hvol=1249801 k h3vol=6274848 k sellX2=754 k PumpsCount=0 SellProb=100% Delta24h=8.43% Delta3h=4.98  d1h: 2%  d15m: 0.2%  PumpD: 0.4%  PumpHDelta: 0.0%  DumpHDelta: 0.7%
23:14:56.614  UDP: Send list is empty! 
23:14:56.604  BTC: (3) Task 3 started; USDT-BTC (strategy <+1000>) UseAsk: 40167.49 CurAsk: 40167.49  BUY 40240.55 (signal price -2%)
23:14:56.604  BTC: (3)  HistoryDataLoaded: YES 
23:14:56.605  BTC: (3)  Gonna set the order ... 
23:14:56.729  BTC: (3) USDT-BTC Buy order: 0.0010 USDT-BTC rate: 40240.55 Sum: 40.24$  ID: 0 cID: emu
23:14:56.729  BTC: (3) BUY Order SET!
23:14:56.738  BTC  (3) BUY   SL:OFF  TS:OFF  
23:14:56.739  BTC: (3) Buy order DONE! FILL: 100%  Opened: 23:14:56.605 Quantity: 0.00100000 Sum: 40.17$ Avg.Price: 40161.74 (ASK + 0% )
23:14:56.739  BTC: (3)   OrderCheck: vol: 0.00100000  ActualQ: 0.00100000  BTCvol: 40.16977235   TotalBTC: 40.16977235 -- vols:  wsQ: 0.00100000 wsBTC: 40.16977235 tBTC: 40.16977235
23:14:56.739  BTC: (3) Using (strategy <+1000>) SELL price: 1.00% = 40563.36
23:14:56.739  BTC: (3) SELL price corrected! delta=-0.19% 
23:14:57.005  BTC: (3) USDT-BTC Sell order: 0.0010 USDT-BTC rate: 40485.29 Sum: 40.49$  ID: 0 cID: emu
23:14:57.005  BTC: (3)   *** SELL order Set ! ***  Quantity: 0.00100000 Price: 40485.29
23:14:57.006  BTC  (3) SELL   SL:OFF  TS:OFF  
23:14:57.013  BTC (3) : Selling 0.00000000   Pos: Long: 0.00000000 Short: 0.00000000  
23:15:15.412  Save strategies
23:15:17.143  Save strategies
23:15:17.603  Save strategies
23:15:27.675  Save strategies
23:15:28.621  Starting strategies...
23:15:29.433  Save strategies
23:15:29.724  Save strategies
23:15:31.875  UDP: Send list is empty! 
23:15:31.870  BTC: (3) SELL order replace request...
23:15:31.887  BTC: (3) SELL order canceled! 
23:15:32.153  BTC: (3) USDT-BTC Sell order: 0.0010 USDT-BTC rate: 40078.79 Sum: 40.08$  ID: 0 cID: emu
23:15:32.153  BTC: (3) SELL order replaced ! 
23:15:32.214  UDP: Send list is empty! 
23:15:32.205  BTC: (3)   OrderCheck: vol: 0.00100000  ActualQ: 0.00100000  BTCvol: 40.08480144   TotalBTC: 40.08480144 -- vols:  wsQ: 0.00100000 wsBTC: 40.08480144 tBTC: 40.08480144
23:15:32.205  BTC: (3)   *** SELL order DONE ! ***  Quantity: 0.0010 Avg.Price: 40092.82 Sum: 40.08$ Delta: -0.08$  wsQ:0.0010 wsBTC: 40.08$ rQ: 0.00000000
23:15:32.205  BTC: (3)   *** Sell/Buy: - 0%
23:15:32.205  BTC: (3)   *** Sell/ASK: + 0%
23:15:32.218    *** Sell #BTC done, total:  - 0.08 $ (-4.2%) 
23:15:33.436  BTC: PumpQ=1790848716 24vol=30098m hvol=1249801 k h3vol=6274848 k sellX2=754 k PumpsCount=0 SellProb=100% Delta24h=8.43% Delta3h=4.98  d1h: 2%  d15m: 0.2%  PumpD: 0.4%  PumpHDelta: 0.0%  DumpHDelta: 0.7%
23:15:33.451  UDP: Send list is empty! 
23:15:33.440  BTC: (4) Task 4 started; USDT-BTC (strategy <+1000>) UseAsk: 40091.82 CurAsk: 40091.82  BUY 40147.80 (signal price -2%)
23:15:33.440  BTC: (4)  HistoryDataLoaded: YES 
23:15:33.440  BTC: (4)  Gonna set the order ... 
23:15:33.564  BTC: (4) USDT-BTC Buy order: 0.0010 USDT-BTC rate: 40147.80 Sum: 40.15$  ID: 0 cID: emu
23:15:33.564  BTC: (4) BUY Order SET!
23:15:33.574  BTC  (4) BUY   SL:ON  TS:OFF  
23:15:33.574  BTC: (4) Buy order DONE! FILL: 100%  Opened: 23:15:33.440 Quantity: 0.00100000 Sum: 40.10$ Avg.Price: 40091.82 (ASK + 0% )
23:15:33.574  BTC: (4)   OrderCheck: vol: 0.00100000  ActualQ: 0.00100000  BTCvol: 40.09983836   TotalBTC: 40.09983836 -- vols:  wsQ: 0.00100000 wsBTC: 40.09983836 tBTC: 40.09983836
23:15:33.574  BTC: (4) Using (strategy <+1000>) SELL price: 1.00% = 40492.74
23:15:33.574  BTC: (4) SELL price corrected! delta=-0.19% 
23:15:33.842  BTC: (4) USDT-BTC Sell order: 0.0010 USDT-BTC rate: 40416.90 Sum: 40.42$  ID: 0 cID: emu
23:15:33.842  BTC: (4)   *** SELL order Set ! ***  Quantity: 0.00100000 Price: 40416.90
23:15:33.846  BTC  (4) SELL   SL:ON  TS:OFF  
23:15:33.847  BTC (4) : Selling 0.00000000   Pos: Long: 0.00000000 Short: 0.00000000  
23:15:36.098  UDP: Send list is empty! 
23:15:36.097  BTC: (4) SELL order replace request...
23:15:36.114  BTC: (4) SELL order canceled! 
23:15:36.381  BTC: (4) USDT-BTC Sell order: 0.0010 USDT-BTC rate: 40545.17 Sum: 40.55$  ID: 0 cID: emu
23:15:36.381  BTC: (4) SELL order replaced ! 
23:15:42.853  UDP: Send list is empty! 
23:15:42.852  BTC: (4) SELL order replace request...
23:15:42.869  BTC: (4) SELL order canceled! 
23:15:43.137  BTC: (4) USDT-BTC Sell order: 0.0010 USDT-BTC rate: 40030.13 Sum: 40.03$  ID: 0 cID: emu
23:15:43.137  BTC: (4) SELL order replaced ! 
23:15:43.193  UDP: Send list is empty! 
23:15:43.188  BTC: (4)   OrderCheck: vol: 0.00100000  ActualQ: 0.00100000  BTCvol: 40.07904259   TotalBTC: 40.07904259 -- vols:  wsQ: 0.00100000 wsBTC: 40.07904259 tBTC: 40.07904259
23:15:43.188  BTC: (4)   *** SELL order DONE ! ***  Quantity: 0.0010 Avg.Price: 40087.06 Sum: 40.08$ Delta: -0.02$  wsQ:0.0010 wsBTC: 40.08$ rQ: 0.00000000
23:15:43.188  BTC: (4)   *** Sell/Buy: - 0%
23:15:43.188  BTC: (4)   *** Sell/ASK: + 0%
23:15:43.197    *** Sell #BTC done, total:  - 0.02 $ (-1.0%) 
23:15:45.035   WSClient (OrderBook BTC)  LastError: : Disconnect. Code: 0
23:15:45.345   WSClient (OrderBookSpot BTC)  LastError: : Disconnect. Code: 0
23:15:46.410   === Stopped ===
23:16:10.047   === Started ===
23:16:10.047  Жду название монеты ...
23:16:12.464  BTC: PumpQ=1790848716 24vol=30098m hvol=1249801 k h3vol=6274848 k sellX2=754 k PumpsCount=0 SellProb=100% Delta24h=8.43% Delta3h=4.98  d1h: 2%  d15m: 0.3%  PumpD: 0.4%  PumpHDelta: 0.0%  DumpHDelta: 0.8%
23:16:12.477  UDP: Send list is empty! 
23:16:12.467  BTC: (5) Task 5 started; USDT-BTC (strategy <+1000>) UseAsk: 40134.09 CurAsk: 40134.09  BUY 40165.40 (signal price -2%)
23:16:12.467  BTC: (5)  HistoryDataLoaded: YES 
23:16:12.468  BTC: (5)  Gonna set the order ... 
23:16:12.592  BTC: (5) USDT-BTC Buy order: 0.0010 USDT-BTC rate: 40165.40 Sum: 40.17$  ID: 0 cID: emu
23:16:12.592  BTC: (5) BUY Order SET!
23:16:12.600  BTC  (5) BUY   SL:ON  TS:OFF  
23:16:12.601  BTC: (5) Buy order DONE! FILL: 100%  Opened: 23:16:12.468 Quantity: 0.00100000 Sum: 40.14$ Avg.Price: 40134.09 (ASK + 0% )
23:16:12.601  BTC: (5)   OrderCheck: vol: 0.00100000  ActualQ: 0.00100000  BTCvol: 40.14211682   TotalBTC: 40.14211682 -- vols:  wsQ: 0.00100000 wsBTC: 40.14211682 tBTC: 40.14211682
23:16:12.601  BTC: (5) Using (strategy <+1000>) SELL price: 1.00% = 40535.43
23:16:12.601  BTC: (5) SELL price corrected! delta=-0.09% 
23:16:12.867  BTC: (5) USDT-BTC Sell order: 0.0010 USDT-BTC rate: 40500.00 Sum: 40.50$  ID: 0 cID: emu
23:16:12.867  BTC: (5)   *** SELL order Set ! ***  Quantity: 0.00100000 Price: 40500.00
23:16:12.870  BTC  (5) SELL   SL:ON  TS:OFF  
23:16:12.880  BTC (5) : Selling 0.00000000   Pos: Long: 0.00000000 Short: 0.00000000  
23:16:28.854  MultiOrders: YES (cfg: YES)  XFunction: NO 
23:16:29.542  BTC: PumpQ=1790848716 24vol=30098m hvol=1249801 k h3vol=6274848 k sellX2=754 k PumpsCount=0 SellProb=100% Delta24h=8.43% Delta3h=4.98  d1h: 2%  d15m: 0.3%  PumpD: 0.4%  PumpHDelta: 0.0%  DumpHDelta: 0.8%
23:16:29.554  UDP: Send list is empty! 
23:16:29.545  BTC: [2] (6) Task 6 started; USDT-BTC (strategy <+1000>) UseAsk: 40170.13 CurAsk: 40170.13  BUY 40268.01 (signal price -2%)
23:16:29.545  BTC: [2] (6)  HistoryDataLoaded: YES 
23:16:29.545  BTC: [2] (6)  Gonna set the order ... 
23:16:29.669  BTC: [2] (6) USDT-BTC Buy order: 0.0010 USDT-BTC rate: 40268.01 Sum: 40.27$  ID: 0 cID: emu
23:16:29.669  BTC: [2] (6) BUY Order SET!
23:16:29.679  BTC [2]  (6) BUY   SL:ON  TS:OFF  
23:16:29.680  BTC: [2] (6) Buy order DONE! FILL: 100%  Opened: 23:16:29.545 Quantity: 0.00100000 Sum: 40.18$ Avg.Price: 40170.13 (ASK + 0% )
23:16:29.680  BTC: [2] (6)   OrderCheck: vol: 0.00100000  ActualQ: 0.00100000  BTCvol: 40.17816403   TotalBTC: 40.17816403 -- vols:  wsQ: 0.00100000 wsBTC: 40.17816403 tBTC: 40.17816403
23:16:29.680  BTC: [2] (6) Using (strategy <+1000>) SELL price: 1.00% = 40571.83
23:16:29.680  BTC: [2] (6) SELL price corrected! delta=-0.19% 
23:16:29.947  BTC: [2] (6) USDT-BTC Sell order: 0.0010 USDT-BTC rate: 40493.41 Sum: 40.49$  ID: 0 cID: emu
23:16:29.947  BTC: [2] (6)   *** SELL order Set ! ***  Quantity: 0.00100000 Price: 40493.41
23:16:29.948  BTC [2]  (6) SELL   SL:ON  TS:OFF  
23:16:29.957  BTC [2] (6) : Selling 0.00000000   Pos: Long: 0.00000000 Short: 0.00000000  
23:16:34.115  BTC: PumpQ=1790848716 24vol=30098m hvol=1249801 k h3vol=6274848 k sellX2=754 k PumpsCount=0 SellProb=100% Delta24h=8.43% Delta3h=4.98  d1h: 2%  d15m: 0.3%  PumpD: 0.4%  PumpHDelta: 0.0%  DumpHDelta: 0.8%
23:16:34.129  UDP: Send list is empty! 
23:16:34.119  BTC: [3] (7) Task 7 started; USDT-BTC (strategy <+1000>) UseAsk: 40174.46 CurAsk: 40174.46  BUY 40313.40 (signal price -2%)
23:16:34.119  BTC: [3] (7)  HistoryDataLoaded: YES 
23:16:34.119  BTC: [3] (7)  Gonna set the order ... 
23:16:34.242  BTC: [3] (7) USDT-BTC Buy order: 0.0010 USDT-BTC rate: 40313.40 Sum: 40.31$  ID: 0 cID: emu
23:16:34.242  BTC: [3] (7) BUY Order SET!
23:16:34.245  BTC [3]  (7) BUY   SL:ON  TS:OFF  
23:16:34.246  BTC: [3] (7) Buy order DONE! FILL: 100%  Opened: 23:16:34.119 Quantity: 0.00100000 Sum: 40.18$ Avg.Price: 40174.46 (ASK + 0% )
23:16:34.246  BTC: [3] (7)   OrderCheck: vol: 0.00100000  ActualQ: 0.00100000  BTCvol: 40.18249489   TotalBTC: 40.18249489 -- vols:  wsQ: 0.00100000 wsBTC: 40.18249489 tBTC: 40.18249489
23:16:34.246  BTC: [3] (7) Using (strategy <+1000>) SELL price: 1.00% = 40576.20
23:16:34.246  BTC: [3] (7) SELL price corrected! delta=-0.19% 
23:16:34.514  BTC: [3] (7) USDT-BTC Sell order: 0.0010 USDT-BTC rate: 40499.99 Sum: 40.50$  ID: 0 cID: emu
23:16:34.514  BTC: [3] (7)   *** SELL order Set ! ***  Quantity: 0.00100000 Price: 40499.99
23:16:34.521  BTC [3]  (7) SELL   SL:ON  TS:OFF  
23:16:34.534  BTC [3] (7) : Selling 0.00000000   Pos: Long: 0.00000000 Short: 0.00000000  
23:16:41.236  UDP: Send list is empty! 
23:16:41.237  Panic Sell Activated; allowed drop level: -1%
23:16:41.261  BTC: [2] (6) Panic Sell Replacing....  <Spread: 0.20%>
23:16:41.261  BTC: [2] (6) SELL order replace request...
23:16:41.277  BTC: [1] (5) Panic Sell Replacing....  <Spread: 0.20%>
23:16:41.277  BTC: [1] (5) SELL order replace request...
23:16:41.278  BTC: [2] (6) SELL order canceled! 
23:16:41.278  BTC: [3] (7) Panic Sell Replacing....  <Spread: 0.20%>
23:16:41.278  BTC: [3] (7) SELL order replace request...
23:16:41.294  BTC: [1] (5) SELL order canceled! 
23:16:41.295  BTC: [3] (7) SELL order canceled! 
23:16:41.544  BTC: [2] (6) USDT-BTC Sell order: 0.0010 USDT-BTC rate: 40093.80 Sum: 40.09$  ID: 0 cID: emu
23:16:41.544  BTC: [2] (6) SELL order replaced ! 
23:16:41.560  BTC: [1] (5) USDT-BTC Sell order: 0.0010 USDT-BTC rate: 40093.80 Sum: 40.09$  ID: 0 cID: emu
23:16:41.560  BTC: [1] (5) SELL order replaced ! 
23:16:41.562  BTC: [3] (7) USDT-BTC Sell order: 0.0010 USDT-BTC rate: 40093.80 Sum: 40.09$  ID: 0 cID: emu
23:16:41.562  BTC: [3] (7) SELL order replaced ! 
23:16:41.602  UDP: Send list is empty! 
23:16:41.596  BTC: [2] (6)   OrderCheck: vol: 0.00100000  ActualQ: 0.00100000  BTCvol: 40.16709497   TotalBTC: 40.16709497 -- vols:  wsQ: 0.00100000 wsBTC: 40.16709497 tBTC: 40.16709497
23:16:41.596  BTC: [2] (6)   *** SELL order DONE ! ***  Quantity: 0.0010 Avg.Price: 40175.13 Sum: 40.17$ Delta: -0.01$  wsQ:0.0010 wsBTC: 40.17$ rQ: 0.00000000
23:16:41.596  BTC: [2] (6)   *** Sell/Buy: + 0%
23:16:41.596  BTC: [2] (6)   *** Sell/ASK: + 0%
23:16:41.607    *** Sell #BTC done, total:  - 0.01 $ (-0.6%) 
23:16:41.619  UDP: Send list is empty! 
23:16:41.612  BTC: [1] (5)   OrderCheck: vol: 0.00100000  ActualQ: 0.00100000  BTCvol: 40.16709497   TotalBTC: 40.16709497 -- vols:  wsQ: 0.00100000 wsBTC: 40.16709497 tBTC: 40.16709497
23:16:41.612  BTC: [1] (5)   *** SELL order DONE ! ***  Quantity: 0.0010 Avg.Price: 40175.13 Sum: 40.17$ Delta: 0.02$  wsQ:0.0010 wsBTC: 40.17$ rQ: 0.00000000
23:16:41.612  BTC: [1] (5)   *** Sell/Buy: + 0%
23:16:41.612  BTC: [1] (5)   *** Sell/ASK: + 0%
23:16:41.623    *** Sell #BTC done, total:  + 0.02 $ (+1.2%) 
23:16:41.625  UDP: Send list is empty! 
23:16:41.614  BTC: [3] (7)   OrderCheck: vol: 0.00100000  ActualQ: 0.00100000  BTCvol: 40.16709497   TotalBTC: 40.16709497 -- vols:  wsQ: 0.00100000 wsBTC: 40.16709497 tBTC: 40.16709497
23:16:41.614  BTC: [3] (7)   *** SELL order DONE ! ***  Quantity: 0.0010 Avg.Price: 40175.13 Sum: 40.17$ Delta: -0.02$  wsQ:0.0010 wsBTC: 40.17$ rQ: 0.00000000
23:16:41.614  BTC: [3] (7)   *** Sell/Buy: + 0%
23:16:41.614  BTC: [3] (7)   *** Sell/ASK: + 0%
23:16:41.629    *** Sell #BTC done, total:  - 0.02 $ (-0.8%) 
23:16:43.777   === Stopped ===
23:17:02.040   WSClient (OrderBook BTC)  LastError: : Disconnect. Code: 0
23:17:02.351   WSClient (OrderBookSpot BTC)  LastError: : Disconnect. Code: 0
23:17:03.073  Updater prepared: C:\Users\Nikita\Documents\Файлы AltCoinPRO\Ученики\Новая папка\updater.exe
23:17:03.073  Closing...
23:17:03.323  Stopping strategies...  (stop on app close) 
23:17:03.326  Waiting MoonShot shutdown. 
23:17:04.468    -  Save settings 
23:17:05.283    -  Waiting Market Engine thread...
23:17:05.290  GetOrderWorker: Pending Tasks: 0 Results: 0   
23:17:07.161    -  Closing db...
23:17:07.161  Backuping orders db ...
23:17:07.636    -  Stop APIs thread...
23:17:07.861   updater started. C:\Users\Nikita\Documents\Файлы AltCoinPRO\Ученики\Новая папка\updater.exe 
23:17:07.863    -  Quit 
23:17:09               
23:17:09           --- App Start ---   CPU: 12 cores   Memory: 17.07 Gb  UseMem: 100%   Canvas: TCanvasD2D
23:17:10.049           ---  Init. Exchange: Binance Futures  ---  v6.42 (18.06.2021)  VDS Mode: NO  FreePosMode: NO
23:17:10.177  TimeSync tries:1  Offset: 1  NTPDelay: 62
23:17:11.466   UDP will exporter to port 2000
23:17:11.468   UDP will listen port 7851
23:17:15.637  Account Rate Limits: 2400 requests per minute,  1200 orders per minute, 300 orders per 10 seconds 
23:17:15.489  Auth: OK! Binance connection method: 0
23:17:18.661   == Reg. ID: 2206
23:17:18.661  Пожалуйста, зайдите в "Настройки - Логин" и поставьте галочку "Согласен отправлять результаты моих сделок на сервер" на всех ваших ботах. 
  Если вы не снимаете галочку минимум неделю, вам станут доступны некоторые особые функции, например стратегия покупки на листинге. 
  (Осталось 7.0 дней )
23:17:18.663  MultiOrders: YES (cfg: YES)  XFunction: NO 
23:17:18.663  Markets updated: 120  USDT Markets: 120
23:17:18.753  Bot's server message: Welcome!
23:17:19.826  PositionSide: {"dualSidePosition":true}
23:17:20.009  SubscribeOrders: OK; key: URfVHeKIWkNpIJA8OwiKotIsu93ZLZW1InGg7IvIGmIa5joPoaLpvxN85hO6xE1p
23:17:21.275  SubscribeOrders2: OK; key: URfVHeKIWkNpIJA8OwiKotIsu93ZLZW1InGg7IvIGmIa5joPoaLpvxN85hO6xE1p
23:17:33.281  Data load time: 14.39 sec
23:17:33.291  Готов.
23:17:33.292  Subscribing to @aggTrade stream
23:17:35.532  Updater prepared: C:\Users\Nikita\Documents\Файлы AltCoinPRO\Ученики\Новая папка\updater.exe
23:17:35.533  Closing...
23:17:35.575  Stopping strategies...  (stop on app close) 
23:17:35.579  Waiting MoonShot shutdown. 
23:17:36.519    -  Save settings 
23:17:36.549    -  Waiting Market Engine thread...
23:17:36.584  GetOrderWorker: Pending Tasks: 0 Results: 0   
23:17:39.576    -  Closing db...
23:17:39.577  Backuping orders db ...
23:17:40.033    -  Stop APIs thread...
23:17:40.180   updater started. C:\Users\Nikita\Documents\Файлы AltCoinPRO\Ученики\Новая папка\updater.exe 
23:17:40.185    -  Quit 
23:17:41               
23:17:41           --- App Start ---   CPU: 12 cores   Memory: 17.07 Gb  UseMem: 100%   Canvas: TCanvasD2D
23:17:42.355           ---  Init. Exchange: Binance Futures  ---  v6.45 (23.07.2021)  VDS Mode: NO  FreePosMode: NO
23:17:42.482  TimeSync tries:1  Offset: 1  NTPDelay: 62
23:17:43.812   UDP will exporter to port 2000
23:17:43.814   UDP will listen port 7851
23:17:46.625  Account Rate Limits: 2400 requests per minute,  1200 orders per minute, 300 orders per 10 seconds 
23:17:46.580  Auth: OK! Binance connection method: 0
23:17:49.707   == Reg. ID: 2206
23:17:49.708  Пожалуйста, зайдите в "Настройки - Логин" и поставьте галочку "Согласен отправлять результаты моих сделок на сервер" на всех ваших ботах. 
  Если вы не снимаете галочку минимум неделю, вам станут доступны некоторые особые функции, например стратегия покупки на листинге. 
  (Осталось 7.0 дней )
23:17:49.709  MultiOrders: YES (cfg: YES)  XFunction: NO 
23:17:49.710  Markets updated: 120  USDT Markets: 120
23:17:49.810  Bot's server message: Welcome!
23:17:50.895  PositionSide: {"dualSidePosition":true}
23:17:51.025  SubscribeOrders: OK; key: URfVHeKIWkNpIJA8OwiKotIsu93ZLZW1InGg7IvIGmIa5joPoaLpvxN85hO6xE1p
23:17:52.263  SubscribeOrders2: OK; key: URfVHeKIWkNpIJA8OwiKotIsu93ZLZW1InGg7IvIGmIa5joPoaLpvxN85hO6xE1p
23:18:20.753  Data load time: 30.80 sec
23:18:20.764  Готов.
23:18:20.764  Subscribing to @aggTrade stream
23:18:22.886  Closing...
23:18:23.399  Stopping strategies...  (stop on app close) 
23:18:23.403  Waiting MoonShot shutdown. 
23:18:24.350    -  Save settings 
23:18:24.377    -  Waiting Market Engine thread...
23:18:24.429  GetOrderWorker: Pending Tasks: 0 Results: 0   
23:18:26.986    -  Closing db...
23:18:26.987  Backuping orders db ...
23:18:27.452    -  Stop APIs thread...
23:18:27.611    -  Quit 
23:19:46               
23:19:46           --- App Start ---   CPU: 12 cores   Memory: 17.07 Gb  UseMem: 100%   Canvas: TCanvasD2D
23:19:47.605           ---  Init. Exchange: Binance Futures  ---  v6.45 (23.07.2021)  VDS Mode: NO  FreePosMode: NO
23:19:47.733  TimeSync tries:1  Offset: -10  NTPDelay: 31
23:19:48.408   UDP will exporter to port 2000
23:19:48.410   UDP will listen port 7851
23:19:50.939  Account Rate Limits: 2400 requests per minute,  1200 orders per minute, 300 orders per 10 seconds 
23:19:50.887  Auth: OK! Binance connection method: 0
23:19:54.920   == Reg. ID: 2206
23:19:54.921  Пожалуйста, зайдите в "Настройки - Логин" и поставьте галочку "Согласен отправлять результаты моих сделок на сервер" на всех ваших ботах. 
  Если вы не снимаете галочку минимум неделю, вам станут доступны некоторые особые функции, например стратегия покупки на листинге. 
  (Осталось 7.0 дней )
23:19:54.922  MultiOrders: YES (cfg: YES)  XFunction: NO 
23:19:54.923  Markets updated: 120  USDT Markets: 120
23:19:55.023  Bot's server message: Welcome!
23:19:56.198  PositionSide: {"dualSidePosition":true}
23:19:56.334  SubscribeOrders: OK; key: URfVHeKIWkNpIJA8OwiKotIsu93ZLZW1InGg7IvIGmIa5joPoaLpvxN85hO6xE1p
23:19:57.557  SubscribeOrders2: OK; key: URfVHeKIWkNpIJA8OwiKotIsu93ZLZW1InGg7IvIGmIa5joPoaLpvxN85hO6xE1p
23:20:10.180  Data load time: 14.89 sec
23:20:10.191  Готов.
23:20:10.191  Subscribing to @aggTrade stream
23:21:45.492  Closing...
23:21:45.889  Stopping strategies...  (stop on app close) 
23:21:45.894  Waiting MoonShot shutdown. 
23:21:46.798    -  Save settings 
23:21:46.831    -  Waiting Market Engine thread...
23:21:46.935  GetOrderWorker: Pending Tasks: 0 Results: 0   
23:21:49.519    -  Closing db...
23:21:49.519  Backuping orders db ...
23:21:50.028    -  Stop APIs thread...
23:21:50.260    -  Quit 
