20:58:23               
20:58:23           --- App Start ---   CPU: 8 cores   Memory: 17.06 Gb  UseMem: 100%   Canvas: TCanvasD2D
20:58:24.337           ---  Init. Exchange: Binance Futures  ---  v6.33 (21.04.2021)  VDS Mode: NO  FreePosMode: NO
20:58:25.836   UDP will exporter to port 2000
20:58:25.840   UDP will listen port 7851
20:58:28.654  Account Rate Limits: 2400 requests per minute,  1200 orders per minute, 300 orders per 10 seconds 
20:58:29.166  TimeSync tries:7  Offset: 46  NTPDelay: 97
20:58:28.352  Auth: OK! Binance connection method: 0
20:58:33.259   == Reg. ID: 2206
20:58:33.276  Пожалуйста, зайдите в "Настройки - Логин" и поставьте галочку "Согласен отправлять результаты моих сделок на сервер" на всех ваших ботах. 
  Если вы не снимаете галочку минимум неделю, вам станут доступны некоторые особые функции, например стратегия покупки на листинге. 
  (Осталось 6.8 дней )
20:58:33.278  MultiOrders: NO (cfg: NO)  XFunction: NO 
20:58:33.279  Markets updated: 113  USDT Markets: 113
20:58:33.431  Bot's server message: Welcome!
20:58:34.598  PositionSide: {"dualSidePosition":false}
20:58:34.924  SubscribeOrders: OK; key: XCwK2wz8TH1qlLtF1YSUk6TfRUYp60NbipZwAOpBGS3xkOrfy38tA1MJlnRwDAJ4
20:58:36.462  SubscribeOrders2: OK; key: XCwK2wz8TH1qlLtF1YSUk6TfRUYp60NbipZwAOpBGS3xkOrfy38tA1MJlnRwDAJ4
20:58:42.176  Data load time: 8.47 sec
20:58:42.185  Готов.
20:58:42.186  Subscribing to @aggTrade stream
20:58:44.165   === Started ===
20:58:44.165  Жду название монеты ...
20:58:44.165  Starting strategies...
21:02:22.713   [S1] 21:02:22.713  {"e":"ORDER_TRADE_UPDATE","T":1620068542599,"E":1620068542603,"o":{"s":"SXPUSDT","c":"x-yIXKfZTSMv6dSEpiBuwXiOXCIBuQL","S":"BUY","o":"LIMIT","f":"GTC","q":"3.6","p":"5.5734","ap":"0","sp":"0","x":"NEW","X":"NEW","i":6045760302,"l":"0","z":"0","L":"0","T":1620068542599,"t":0,"b":"20.06424","a":"0","m":false,"R":false,"wt":"CONTRACT_PRICE","ot":"LIMIT","ps":"BOTH","cp":false,"rp":"0","pP":false,"si":0,"ss":0}}
21:02:26.138   [S1] 21:02:26.138  {"e":"ORDER_TRADE_UPDATE","T":1620068546047,"E":1620068546055,"o":{"s":"SXPUSDT","c":"x-yIXKfZTSMv6dSEpiBuwXiOXCIBuQL","S":"BUY","o":"LIMIT","f":"GTC","q":"3.6","p":"5.5734","ap":"0","sp":"0","x":"CANCELED","X":"CANCELED","i":6045760302,"l":"0","z":"0","L":"0","T":1620068546047,"t":0,"b":"0","a":"0","m":false,"R":false,"wt":"CONTRACT_PRICE","ot":"LIMIT","ps":"BOTH","cp":false,"rp":"0","pP":false,"si":0,"ss":0}}
21:09:58.322   WSClient (OrderBook LINK)  LastError: : Disconnect. Code: 0
21:09:58.656   WSClient (OrderBookSpot LINK)  LastError: : Disconnect. Code: 0
21:12:40.445   -- (debug) Reset WS Orders Engine_2 -- ForceReconnect: NO  Time: 844 sec  
21:12:40.551   WSClient (Orders_2)  LastError: : Disconnect. Code: 0
21:12:41.871  SubscribeOrders2: OK; key: XCwK2wz8TH1qlLtF1YSUk6TfRUYp60NbipZwAOpBGS3xkOrfy38tA1MJlnRwDAJ4
21:14:59.342  Closing...
21:14:59.347   === Stopped ===
21:14:59.785  Stopping strategies...  (stop on app close) 
21:14:59.786  Waiting MoonShot shutdown. 
21:15:01.492    -  Save settings 
21:15:01.588    -  Waiting Market Engine thread...
21:15:01.633  GetOrderWorker: Pending Tasks: 0 Results: 0   
21:15:04.031    -  Closing db...
21:15:04.032  Backuping orders db ...
21:15:05.212    -  Stop APIs thread...
21:15:06.307    -  Quit 
