20:09:36               
20:09:36           --- App Start ---   CPU: 12 cores   Memory: 17.07 Gb  UseMem: 100%   Canvas: TCanvasD2D
20:09:36.763           ---  Init. Exchange: Binance Futures  ---  v6.38 (10.05.2021)  VDS Mode: NO  FreePosMode: NO
20:09:37.659   UDP will exporter to port 2000
20:09:37.661   UDP will listen port 7851
20:09:41.574  Account Rate Limits: 2400 requests per minute,  1200 orders per minute, 300 orders per 10 seconds 
20:09:42.358  TimeSync tries:1  Offset: -4  NTPDelay: 33
20:09:40.029  Auth: OK! Binance connection method: 0
20:09:45.757   == Reg. ID: 2206
20:09:45.758  Пожалуйста, зайдите в "Настройки - Логин" и поставьте галочку "Согласен отправлять результаты моих сделок на сервер" на всех ваших ботах. 
  Если вы не снимаете галочку минимум неделю, вам станут доступны некоторые особые функции, например стратегия покупки на листинге. 
  (Осталось 7.0 дней )
20:09:45.760  MultiOrders: NO (cfg: NO)  XFunction: NO 
20:09:45.761  Markets updated: 119  USDT Markets: 119
20:09:45.782  Bot's server message: Welcome!
20:09:46.886  PositionSide: {"dualSidePosition":true}
20:09:47.087  SubscribeOrders: OK; key: URfVHeKIWkNpIJA8OwiKotIsu93ZLZW1InGg7IvIGmIa5joPoaLpvxN85hO6xE1p
20:09:48.306  SubscribeOrders2: OK; key: URfVHeKIWkNpIJA8OwiKotIsu93ZLZW1InGg7IvIGmIa5joPoaLpvxN85hO6xE1p
20:09:53.952  Data load time: 8.02 sec
20:09:53.963  Готов.
20:09:53.963  Subscribing to @aggTrade stream
20:09:55.947   === Started ===
20:09:55.948  Жду название монеты ...
20:09:55.948  Starting strategies...
20:10:05.471   UDP will listen port 7851
20:10:08.710   === Stopped ===
20:10:14.853  Manual mode choosen
20:10:18.308  Closing...
20:10:18.813  Stopping strategies...  (stop on app close) 
20:10:18.813  Waiting MoonShot shutdown. 
20:10:19.873    -  Save settings 
20:10:19.901    -  Waiting Market Engine thread...
20:10:19.906  GetOrderWorker: Pending Tasks: 0 Results: 0   
20:10:22.125    -  Closing db...
20:10:22.126  Backuping orders db ...
20:10:22.571    -  Stop APIs thread...
20:10:22.788    -  Quit 
20:10:27               
20:10:27           --- App Start ---   CPU: 12 cores   Memory: 17.07 Gb  UseMem: 100%   Canvas: TCanvasD2D
20:10:28.177           ---  Init. Exchange: Binance Futures  ---  v6.38 (10.05.2021)  VDS Mode: NO  FreePosMode: NO
20:10:28.315  TimeSync tries:1  Offset: 3  NTPDelay: 36
20:10:29.094   UDP will exporter to port 2000
20:10:29.096   UDP will listen port 7851
20:10:32.719  Account Rate Limits: 2400 requests per minute,  1200 orders per minute, 300 orders per 10 seconds 
20:10:31.472  Auth: OK! Binance connection method: 0
20:10:36.830   == Reg. ID: 2206
20:10:36.831  Пожалуйста, зайдите в "Настройки - Логин" и поставьте галочку "Согласен отправлять результаты моих сделок на сервер" на всех ваших ботах. 
  Если вы не снимаете галочку минимум неделю, вам станут доступны некоторые особые функции, например стратегия покупки на листинге. 
  (Осталось 7.0 дней )
20:10:36.832  MultiOrders: NO (cfg: NO)  XFunction: NO 
20:10:36.833  Markets updated: 119  USDT Markets: 119
20:10:36.875  Bot's server message: Welcome!
20:10:38.002  PositionSide: {"dualSidePosition":true}
20:10:38.204  SubscribeOrders: OK; key: URfVHeKIWkNpIJA8OwiKotIsu93ZLZW1InGg7IvIGmIa5joPoaLpvxN85hO6xE1p
20:10:39.407  SubscribeOrders2: OK; key: URfVHeKIWkNpIJA8OwiKotIsu93ZLZW1InGg7IvIGmIa5joPoaLpvxN85hO6xE1p
20:10:44.243  Data load time: 7.22 sec
20:10:44.250  Готов.
20:10:44.251  Subscribing to @aggTrade stream
20:10:47.423  Closing...
20:10:47.632  Stopping strategies...  (stop on app close) 
20:10:47.635  Waiting MoonShot shutdown. 
20:10:48.721    -  Save settings 
20:10:48.751    -  Waiting Market Engine thread...
20:10:48.757  GetOrderWorker: Pending Tasks: 0 Results: 0   
20:10:51.538    -  Closing db...
20:10:51.539  Backuping orders db ...
20:10:51.997    -  Stop APIs thread...
20:10:52.146    -  Quit 
